{"/home/walder/workspaces/fullstack_project/backend/app.js": {"path":"/home/walder/workspaces/fullstack_project/backend/app.js","statementMap":{"0":{"start":{"line":1,"column":15},"end":{"line":1,"column":40}},"1":{"start":{"line":2,"column":16},"end":{"line":2,"column":34}},"2":{"start":{"line":3,"column":19},"end":{"line":3,"column":48}},"3":{"start":{"line":4,"column":12},"end":{"line":4,"column":21}},"4":{"start":{"line":5,"column":19},"end":{"line":5,"column":41}},"5":{"start":{"line":6,"column":13},"end":{"line":6,"column":28}},"6":{"start":{"line":7,"column":17},"end":{"line":7,"column":36}},"7":{"start":{"line":8,"column":13},"end":{"line":8,"column":51}},"8":{"start":{"line":9,"column":16},"end":{"line":9,"column":53}},"9":{"start":{"line":10,"column":20},"end":{"line":10,"column":50}},"10":{"start":{"line":11,"column":20},"end":{"line":11,"column":50}},"11":{"start":{"line":12,"column":27},"end":{"line":12,"column":64}},"12":{"start":{"line":13,"column":20},"end":{"line":13,"column":50}},"13":{"start":{"line":14,"column":16},"end":{"line":14,"column":47}},"14":{"start":{"line":15,"column":21},"end":{"line":15,"column":57}},"15":{"start":{"line":16,"column":15},"end":{"line":16,"column":32}},"16":{"start":{"line":18,"column":0},"end":{"line":18,"column":57}},"17":{"start":{"line":22,"column":0},"end":{"line":22,"column":32}},"18":{"start":{"line":23,"column":0},"end":{"line":23,"column":17}},"19":{"start":{"line":24,"column":0},"end":{"line":24,"column":15}},"20":{"start":{"line":25,"column":0},"end":{"line":25,"column":26}},"21":{"start":{"line":26,"column":0},"end":{"line":26,"column":21}},"22":{"start":{"line":27,"column":0},"end":{"line":27,"column":26}},"23":{"start":{"line":28,"column":0},"end":{"line":28,"column":28}},"24":{"start":{"line":29,"column":0},"end":{"line":29,"column":43}},"25":{"start":{"line":30,"column":0},"end":{"line":30,"column":34}},"26":{"start":{"line":31,"column":0},"end":{"line":31,"column":34}},"27":{"start":{"line":32,"column":0},"end":{"line":32,"column":52}},"28":{"start":{"line":33,"column":0},"end":{"line":33,"column":48}},"29":{"start":{"line":34,"column":0},"end":{"line":34,"column":35}},"30":{"start":{"line":35,"column":0},"end":{"line":35,"column":21}},"31":{"start":{"line":38,"column":0},"end":{"line":38,"column":20}}},"fnMap":{},"branchMap":{},"s":{"0":3,"1":3,"2":3,"3":3,"4":3,"5":3,"6":3,"7":3,"8":3,"9":3,"10":3,"11":3,"12":3,"13":3,"14":3,"15":3,"16":3,"17":3,"18":3,"19":3,"20":3,"21":3,"22":3,"23":3,"24":3,"25":3,"26":3,"27":3,"28":3,"29":3,"30":3,"31":3},"f":{},"b":{},"_coverageSchema":"43e27e138ebf9cfc5966b082cf9a028302ed4184","hash":"5c1d1825712f3ed526c7f72facc7d47055413a16"}
,"/home/walder/workspaces/fullstack_project/backend/controllers/files.js": {"path":"/home/walder/workspaces/fullstack_project/backend/controllers/files.js","statementMap":{"0":{"start":{"line":1,"column":20},"end":{"line":1,"column":47}},"1":{"start":{"line":2,"column":29},"end":{"line":2,"column":69}},"2":{"start":{"line":3,"column":13},"end":{"line":3,"column":39}},"3":{"start":{"line":4,"column":11},"end":{"line":4,"column":24}},"4":{"start":{"line":5,"column":21},"end":{"line":5,"column":53}},"5":{"start":{"line":6,"column":21},"end":{"line":6,"column":53}},"6":{"start":{"line":7,"column":15},"end":{"line":7,"column":41}},"7":{"start":{"line":8,"column":24},"end":{"line":8,"column":60}},"8":{"start":{"line":10,"column":0},"end":{"line":23,"column":2}},"9":{"start":{"line":12,"column":2},"end":{"line":22,"column":3}},"10":{"start":{"line":14,"column":17},"end":{"line":14,"column":69}},"11":{"start":{"line":15,"column":4},"end":{"line":17,"column":5}},"12":{"start":{"line":16,"column":6},"end":{"line":16,"column":59}},"13":{"start":{"line":18,"column":18},"end":{"line":18,"column":70}},"14":{"start":{"line":19,"column":4},"end":{"line":19,"column":70}},"15":{"start":{"line":19,"column":55},"end":{"line":19,"column":68}},"16":{"start":{"line":21,"column":4},"end":{"line":21,"column":19}},"17":{"start":{"line":25,"column":0},"end":{"line":40,"column":2}},"18":{"start":{"line":27,"column":2},"end":{"line":39,"column":3}},"19":{"start":{"line":28,"column":17},"end":{"line":28,"column":69}},"20":{"start":{"line":29,"column":4},"end":{"line":31,"column":5}},"21":{"start":{"line":30,"column":6},"end":{"line":30,"column":59}},"22":{"start":{"line":32,"column":18},"end":{"line":32,"column":102}},"23":{"start":{"line":33,"column":4},"end":{"line":33,"column":22}},"24":{"start":{"line":34,"column":22},"end":{"line":34,"column":60}},"25":{"start":{"line":34,"column":43},"end":{"line":34,"column":59}},"26":{"start":{"line":35,"column":4},"end":{"line":35,"column":26}},"27":{"start":{"line":36,"column":4},"end":{"line":36,"column":74}},"28":{"start":{"line":36,"column":59},"end":{"line":36,"column":72}},"29":{"start":{"line":38,"column":4},"end":{"line":38,"column":19}},"30":{"start":{"line":42,"column":0},"end":{"line":54,"column":2}},"31":{"start":{"line":44,"column":2},"end":{"line":53,"column":3}},"32":{"start":{"line":45,"column":17},"end":{"line":45,"column":69}},"33":{"start":{"line":46,"column":4},"end":{"line":48,"column":5}},"34":{"start":{"line":47,"column":6},"end":{"line":47,"column":59}},"35":{"start":{"line":49,"column":18},"end":{"line":49,"column":75}},"36":{"start":{"line":50,"column":4},"end":{"line":50,"column":70}},"37":{"start":{"line":50,"column":55},"end":{"line":50,"column":68}},"38":{"start":{"line":52,"column":4},"end":{"line":52,"column":19}},"39":{"start":{"line":57,"column":0},"end":{"line":70,"column":2}},"40":{"start":{"line":59,"column":2},"end":{"line":69,"column":3}},"41":{"start":{"line":61,"column":17},"end":{"line":61,"column":69}},"42":{"start":{"line":62,"column":4},"end":{"line":64,"column":5}},"43":{"start":{"line":63,"column":6},"end":{"line":63,"column":59}},"44":{"start":{"line":65,"column":18},"end":{"line":65,"column":91}},"45":{"start":{"line":66,"column":4},"end":{"line":66,"column":70}},"46":{"start":{"line":66,"column":55},"end":{"line":66,"column":68}},"47":{"start":{"line":68,"column":4},"end":{"line":68,"column":19}},"48":{"start":{"line":74,"column":0},"end":{"line":96,"column":2}},"49":{"start":{"line":75,"column":2},"end":{"line":95,"column":3}},"50":{"start":{"line":76,"column":15},"end":{"line":76,"column":67}},"51":{"start":{"line":77,"column":4},"end":{"line":79,"column":5}},"52":{"start":{"line":78,"column":6},"end":{"line":78,"column":59}},"53":{"start":{"line":80,"column":19},"end":{"line":80,"column":57}},"54":{"start":{"line":81,"column":21},"end":{"line":81,"column":52}},"55":{"start":{"line":82,"column":23},"end":{"line":82,"column":106}},"56":{"start":{"line":83,"column":4},"end":{"line":85,"column":6}},"57":{"start":{"line":84,"column":6},"end":{"line":84,"column":85}},"58":{"start":{"line":86,"column":4},"end":{"line":86,"column":33}},"59":{"start":{"line":88,"column":25},"end":{"line":88,"column":69}},"60":{"start":{"line":89,"column":4},"end":{"line":89,"column":29}},"61":{"start":{"line":90,"column":4},"end":{"line":90,"column":23}},"62":{"start":{"line":91,"column":4},"end":{"line":91,"column":23}},"63":{"start":{"line":94,"column":4},"end":{"line":94,"column":19}},"64":{"start":{"line":99,"column":0},"end":{"line":117,"column":2}},"65":{"start":{"line":101,"column":15},"end":{"line":101,"column":67}},"66":{"start":{"line":102,"column":2},"end":{"line":104,"column":3}},"67":{"start":{"line":103,"column":4},"end":{"line":103,"column":57}},"68":{"start":{"line":105,"column":17},"end":{"line":105,"column":55}},"69":{"start":{"line":106,"column":19},"end":{"line":106,"column":50}},"70":{"start":{"line":107,"column":2},"end":{"line":114,"column":3}},"71":{"start":{"line":108,"column":6},"end":{"line":110,"column":7}},"72":{"start":{"line":109,"column":8},"end":{"line":109,"column":58}},"73":{"start":{"line":109,"column":16},"end":{"line":109,"column":58}},"74":{"start":{"line":112,"column":6},"end":{"line":112,"column":48}},"75":{"start":{"line":113,"column":6},"end":{"line":113,"column":21}},"76":{"start":{"line":120,"column":0},"end":{"line":147,"column":2}},"77":{"start":{"line":122,"column":13},"end":{"line":122,"column":65}},"78":{"start":{"line":123,"column":2},"end":{"line":125,"column":3}},"79":{"start":{"line":124,"column":4},"end":{"line":124,"column":57}},"80":{"start":{"line":127,"column":17},"end":{"line":127,"column":55}},"81":{"start":{"line":128,"column":19},"end":{"line":128,"column":54}},"82":{"start":{"line":130,"column":2},"end":{"line":146,"column":4}},"83":{"start":{"line":131,"column":4},"end":{"line":145,"column":5}},"84":{"start":{"line":132,"column":6},"end":{"line":142,"column":7}},"85":{"start":{"line":133,"column":8},"end":{"line":133,"column":31}},"86":{"start":{"line":134,"column":8},"end":{"line":134,"column":55}},"87":{"start":{"line":135,"column":29},"end":{"line":135,"column":73}},"88":{"start":{"line":136,"column":8},"end":{"line":136,"column":33}},"89":{"start":{"line":137,"column":8},"end":{"line":137,"column":49}},"90":{"start":{"line":138,"column":8},"end":{"line":138,"column":35}},"91":{"start":{"line":140,"column":8},"end":{"line":140,"column":50}},"92":{"start":{"line":141,"column":8},"end":{"line":141,"column":23}},"93":{"start":{"line":144,"column":6},"end":{"line":144,"column":54}},"94":{"start":{"line":149,"column":0},"end":{"line":207,"column":2}},"95":{"start":{"line":151,"column":15},"end":{"line":151,"column":67}},"96":{"start":{"line":152,"column":2},"end":{"line":154,"column":3}},"97":{"start":{"line":153,"column":4},"end":{"line":153,"column":57}},"98":{"start":{"line":155,"column":2},"end":{"line":157,"column":3}},"99":{"start":{"line":156,"column":4},"end":{"line":156,"column":63}},"100":{"start":{"line":159,"column":2},"end":{"line":206,"column":3}},"101":{"start":{"line":160,"column":17},"end":{"line":160,"column":41}},"102":{"start":{"line":162,"column":4},"end":{"line":164,"column":5}},"103":{"start":{"line":163,"column":6},"end":{"line":163,"column":25}},"104":{"start":{"line":165,"column":16},"end":{"line":165,"column":18}},"105":{"start":{"line":166,"column":4},"end":{"line":170,"column":5}},"106":{"start":{"line":167,"column":6},"end":{"line":167,"column":46}},"107":{"start":{"line":169,"column":6},"end":{"line":169,"column":32}},"108":{"start":{"line":171,"column":4},"end":{"line":201,"column":6}},"109":{"start":{"line":172,"column":24},"end":{"line":172,"column":45}},"110":{"start":{"line":173,"column":23},"end":{"line":173,"column":172}},"111":{"start":{"line":174,"column":22},"end":{"line":182,"column":8}},"112":{"start":{"line":183,"column":24},"end":{"line":183,"column":44}},"113":{"start":{"line":184,"column":6},"end":{"line":188,"column":8}},"114":{"start":{"line":185,"column":8},"end":{"line":187,"column":48}},"115":{"start":{"line":186,"column":10},"end":{"line":186,"column":46}},"116":{"start":{"line":187,"column":10},"end":{"line":187,"column":47}},"117":{"start":{"line":190,"column":6},"end":{"line":200,"column":7}},"118":{"start":{"line":190,"column":18},"end":{"line":190,"column":19}},"119":{"start":{"line":191,"column":8},"end":{"line":199,"column":9}},"120":{"start":{"line":192,"column":10},"end":{"line":192,"column":51}},"121":{"start":{"line":193,"column":10},"end":{"line":193,"column":97}},"122":{"start":{"line":194,"column":10},"end":{"line":194,"column":86}},"123":{"start":{"line":195,"column":10},"end":{"line":195,"column":15}},"124":{"start":{"line":198,"column":10},"end":{"line":198,"column":43}},"125":{"start":{"line":203,"column":4},"end":{"line":203,"column":47}},"126":{"start":{"line":205,"column":4},"end":{"line":205,"column":19}},"127":{"start":{"line":210,"column":0},"end":{"line":210,"column":28}}},"fnMap":{"0":{"name":"(anonymous_0)","decl":{"start":{"line":10,"column":21},"end":{"line":10,"column":22}},"loc":{"start":{"line":10,"column":56},"end":{"line":23,"column":1}},"line":10},"1":{"name":"(anonymous_1)","decl":{"start":{"line":19,"column":47},"end":{"line":19,"column":48}},"loc":{"start":{"line":19,"column":55},"end":{"line":19,"column":68}},"line":19},"2":{"name":"(anonymous_2)","decl":{"start":{"line":25,"column":35},"end":{"line":25,"column":36}},"loc":{"start":{"line":25,"column":70},"end":{"line":40,"column":1}},"line":25},"3":{"name":"(anonymous_3)","decl":{"start":{"line":34,"column":35},"end":{"line":34,"column":36}},"loc":{"start":{"line":34,"column":43},"end":{"line":34,"column":59}},"line":34},"4":{"name":"(anonymous_4)","decl":{"start":{"line":36,"column":51},"end":{"line":36,"column":52}},"loc":{"start":{"line":36,"column":59},"end":{"line":36,"column":72}},"line":36},"5":{"name":"(anonymous_5)","decl":{"start":{"line":42,"column":31},"end":{"line":42,"column":32}},"loc":{"start":{"line":42,"column":66},"end":{"line":54,"column":1}},"line":42},"6":{"name":"(anonymous_6)","decl":{"start":{"line":50,"column":47},"end":{"line":50,"column":48}},"loc":{"start":{"line":50,"column":55},"end":{"line":50,"column":68}},"line":50},"7":{"name":"(anonymous_7)","decl":{"start":{"line":57,"column":30},"end":{"line":57,"column":31}},"loc":{"start":{"line":57,"column":65},"end":{"line":70,"column":1}},"line":57},"8":{"name":"(anonymous_8)","decl":{"start":{"line":66,"column":47},"end":{"line":66,"column":48}},"loc":{"start":{"line":66,"column":55},"end":{"line":66,"column":68}},"line":66},"9":{"name":"(anonymous_9)","decl":{"start":{"line":74,"column":33},"end":{"line":74,"column":34}},"loc":{"start":{"line":74,"column":67},"end":{"line":96,"column":1}},"line":74},"10":{"name":"(anonymous_10)","decl":{"start":{"line":83,"column":27},"end":{"line":83,"column":28}},"loc":{"start":{"line":83,"column":39},"end":{"line":85,"column":5}},"line":83},"11":{"name":"(anonymous_11)","decl":{"start":{"line":99,"column":35},"end":{"line":99,"column":36}},"loc":{"start":{"line":99,"column":69},"end":{"line":117,"column":1}},"line":99},"12":{"name":"(anonymous_12)","decl":{"start":{"line":108,"column":67},"end":{"line":108,"column":68}},"loc":{"start":{"line":108,"column":76},"end":{"line":110,"column":6}},"line":108},"13":{"name":"(anonymous_13)","decl":{"start":{"line":120,"column":35},"end":{"line":120,"column":36}},"loc":{"start":{"line":120,"column":69},"end":{"line":147,"column":1}},"line":120},"14":{"name":"(anonymous_14)","decl":{"start":{"line":130,"column":22},"end":{"line":130,"column":23}},"loc":{"start":{"line":130,"column":40},"end":{"line":146,"column":3}},"line":130},"15":{"name":"(anonymous_15)","decl":{"start":{"line":149,"column":28},"end":{"line":149,"column":29}},"loc":{"start":{"line":149,"column":63},"end":{"line":207,"column":1}},"line":149},"16":{"name":"(anonymous_16)","decl":{"start":{"line":171,"column":20},"end":{"line":171,"column":21}},"loc":{"start":{"line":171,"column":34},"end":{"line":201,"column":5}},"line":171},"17":{"name":"(anonymous_17)","decl":{"start":{"line":184,"column":37},"end":{"line":184,"column":38}},"loc":{"start":{"line":184,"column":44},"end":{"line":188,"column":7}},"line":184}},"branchMap":{"0":{"loc":{"start":{"line":15,"column":4},"end":{"line":17,"column":5}},"type":"if","locations":[{"start":{"line":15,"column":4},"end":{"line":17,"column":5}},{"start":{"line":15,"column":4},"end":{"line":17,"column":5}}],"line":15},"1":{"loc":{"start":{"line":29,"column":4},"end":{"line":31,"column":5}},"type":"if","locations":[{"start":{"line":29,"column":4},"end":{"line":31,"column":5}},{"start":{"line":29,"column":4},"end":{"line":31,"column":5}}],"line":29},"2":{"loc":{"start":{"line":46,"column":4},"end":{"line":48,"column":5}},"type":"if","locations":[{"start":{"line":46,"column":4},"end":{"line":48,"column":5}},{"start":{"line":46,"column":4},"end":{"line":48,"column":5}}],"line":46},"3":{"loc":{"start":{"line":62,"column":4},"end":{"line":64,"column":5}},"type":"if","locations":[{"start":{"line":62,"column":4},"end":{"line":64,"column":5}},{"start":{"line":62,"column":4},"end":{"line":64,"column":5}}],"line":62},"4":{"loc":{"start":{"line":77,"column":4},"end":{"line":79,"column":5}},"type":"if","locations":[{"start":{"line":77,"column":4},"end":{"line":79,"column":5}},{"start":{"line":77,"column":4},"end":{"line":79,"column":5}}],"line":77},"5":{"loc":{"start":{"line":102,"column":2},"end":{"line":104,"column":3}},"type":"if","locations":[{"start":{"line":102,"column":2},"end":{"line":104,"column":3}},{"start":{"line":102,"column":2},"end":{"line":104,"column":3}}],"line":102},"6":{"loc":{"start":{"line":109,"column":8},"end":{"line":109,"column":58}},"type":"if","locations":[{"start":{"line":109,"column":8},"end":{"line":109,"column":58}},{"start":{"line":109,"column":8},"end":{"line":109,"column":58}}],"line":109},"7":{"loc":{"start":{"line":123,"column":2},"end":{"line":125,"column":3}},"type":"if","locations":[{"start":{"line":123,"column":2},"end":{"line":125,"column":3}},{"start":{"line":123,"column":2},"end":{"line":125,"column":3}}],"line":123},"8":{"loc":{"start":{"line":131,"column":4},"end":{"line":145,"column":5}},"type":"if","locations":[{"start":{"line":131,"column":4},"end":{"line":145,"column":5}},{"start":{"line":131,"column":4},"end":{"line":145,"column":5}}],"line":131},"9":{"loc":{"start":{"line":152,"column":2},"end":{"line":154,"column":3}},"type":"if","locations":[{"start":{"line":152,"column":2},"end":{"line":154,"column":3}},{"start":{"line":152,"column":2},"end":{"line":154,"column":3}}],"line":152},"10":{"loc":{"start":{"line":155,"column":2},"end":{"line":157,"column":3}},"type":"if","locations":[{"start":{"line":155,"column":2},"end":{"line":157,"column":3}},{"start":{"line":155,"column":2},"end":{"line":157,"column":3}}],"line":155},"11":{"loc":{"start":{"line":155,"column":6},"end":{"line":155,"column":63}},"type":"binary-expr","locations":[{"start":{"line":155,"column":6},"end":{"line":155,"column":20}},{"start":{"line":155,"column":24},"end":{"line":155,"column":63}}],"line":155},"12":{"loc":{"start":{"line":162,"column":4},"end":{"line":164,"column":5}},"type":"if","locations":[{"start":{"line":162,"column":4},"end":{"line":164,"column":5}},{"start":{"line":162,"column":4},"end":{"line":164,"column":5}}],"line":162},"13":{"loc":{"start":{"line":166,"column":4},"end":{"line":170,"column":5}},"type":"if","locations":[{"start":{"line":166,"column":4},"end":{"line":170,"column":5}},{"start":{"line":166,"column":4},"end":{"line":170,"column":5}}],"line":166},"14":{"loc":{"start":{"line":173,"column":112},"end":{"line":173,"column":150}},"type":"cond-expr","locations":[{"start":{"line":173,"column":133},"end":{"line":173,"column":135}},{"start":{"line":173,"column":138},"end":{"line":173,"column":150}}],"line":173},"15":{"loc":{"start":{"line":185,"column":8},"end":{"line":187,"column":48}},"type":"if","locations":[{"start":{"line":185,"column":8},"end":{"line":187,"column":48}},{"start":{"line":185,"column":8},"end":{"line":187,"column":48}}],"line":185},"16":{"loc":{"start":{"line":191,"column":8},"end":{"line":199,"column":9}},"type":"if","locations":[{"start":{"line":191,"column":8},"end":{"line":199,"column":9}},{"start":{"line":191,"column":8},"end":{"line":199,"column":9}}],"line":191}},"s":{"0":3,"1":3,"2":3,"3":3,"4":3,"5":3,"6":3,"7":3,"8":3,"9":0,"10":0,"11":0,"12":0,"13":0,"14":0,"15":0,"16":0,"17":3,"18":0,"19":0,"20":0,"21":0,"22":0,"23":0,"24":0,"25":0,"26":0,"27":0,"28":0,"29":0,"30":3,"31":0,"32":0,"33":0,"34":0,"35":0,"36":0,"37":0,"38":0,"39":3,"40":0,"41":0,"42":0,"43":0,"44":0,"45":0,"46":0,"47":0,"48":3,"49":0,"50":0,"51":0,"52":0,"53":0,"54":0,"55":0,"56":0,"57":0,"58":0,"59":0,"60":0,"61":0,"62":0,"63":0,"64":3,"65":0,"66":0,"67":0,"68":0,"69":0,"70":0,"71":0,"72":0,"73":0,"74":0,"75":0,"76":3,"77":0,"78":0,"79":0,"80":0,"81":0,"82":0,"83":0,"84":0,"85":0,"86":0,"87":0,"88":0,"89":0,"90":0,"91":0,"92":0,"93":0,"94":3,"95":0,"96":0,"97":0,"98":0,"99":0,"100":0,"101":0,"102":0,"103":0,"104":0,"105":0,"106":0,"107":0,"108":0,"109":0,"110":0,"111":0,"112":0,"113":0,"114":0,"115":0,"116":0,"117":0,"118":0,"119":0,"120":0,"121":0,"122":0,"123":0,"124":0,"125":0,"126":0,"127":3},"f":{"0":0,"1":0,"2":0,"3":0,"4":0,"5":0,"6":0,"7":0,"8":0,"9":0,"10":0,"11":0,"12":0,"13":0,"14":0,"15":0,"16":0,"17":0},"b":{"0":[0,0],"1":[0,0],"2":[0,0],"3":[0,0],"4":[0,0],"5":[0,0],"6":[0,0],"7":[0,0],"8":[0,0],"9":[0,0],"10":[0,0],"11":[0,0],"12":[0,0],"13":[0,0],"14":[0,0],"15":[0,0],"16":[0,0]},"_coverageSchema":"43e27e138ebf9cfc5966b082cf9a028302ed4184","hash":"18a6a85ecaf91e9cc83c63577197d2f406391bb1"}
,"/home/walder/workspaces/fullstack_project/backend/controllers/login.js": {"path":"/home/walder/workspaces/fullstack_project/backend/controllers/login.js","statementMap":{"0":{"start":{"line":1,"column":12},"end":{"line":1,"column":35}},"1":{"start":{"line":2,"column":15},"end":{"line":2,"column":32}},"2":{"start":{"line":3,"column":20},"end":{"line":3,"column":47}},"3":{"start":{"line":4,"column":13},"end":{"line":4,"column":38}},"4":{"start":{"line":5,"column":15},"end":{"line":5,"column":41}},"5":{"start":{"line":7,"column":0},"end":{"line":33,"column":2}},"6":{"start":{"line":8,"column":4},"end":{"line":8,"column":46}},"7":{"start":{"line":9,"column":17},"end":{"line":9,"column":29}},"8":{"start":{"line":10,"column":17},"end":{"line":10,"column":85}},"9":{"start":{"line":11,"column":28},"end":{"line":13,"column":60}},"10":{"start":{"line":14,"column":4},"end":{"line":17,"column":5}},"11":{"start":{"line":15,"column":8},"end":{"line":15,"column":42}},"12":{"start":{"line":16,"column":8},"end":{"line":16,"column":72}},"13":{"start":{"line":18,"column":4},"end":{"line":21,"column":5}},"14":{"start":{"line":19,"column":8},"end":{"line":19,"column":42}},"15":{"start":{"line":20,"column":8},"end":{"line":20,"column":54}},"16":{"start":{"line":23,"column":25},"end":{"line":26,"column":5}},"17":{"start":{"line":28,"column":4},"end":{"line":28,"column":38}},"18":{"start":{"line":29,"column":18},"end":{"line":29,"column":60}},"19":{"start":{"line":30,"column":4},"end":{"line":32,"column":161}},"20":{"start":{"line":35,"column":0},"end":{"line":35,"column":28}}},"fnMap":{"0":{"name":"(anonymous_0)","decl":{"start":{"line":7,"column":22},"end":{"line":7,"column":23}},"loc":{"start":{"line":7,"column":50},"end":{"line":33,"column":1}},"line":7}},"branchMap":{"0":{"loc":{"start":{"line":11,"column":28},"end":{"line":13,"column":60}},"type":"cond-expr","locations":[{"start":{"line":12,"column":10},"end":{"line":12,"column":15}},{"start":{"line":13,"column":10},"end":{"line":13,"column":60}}],"line":11},"1":{"loc":{"start":{"line":14,"column":4},"end":{"line":17,"column":5}},"type":"if","locations":[{"start":{"line":14,"column":4},"end":{"line":17,"column":5}},{"start":{"line":14,"column":4},"end":{"line":17,"column":5}}],"line":14},"2":{"loc":{"start":{"line":14,"column":9},"end":{"line":14,"column":32}},"type":"binary-expr","locations":[{"start":{"line":14,"column":9},"end":{"line":14,"column":13}},{"start":{"line":14,"column":17},"end":{"line":14,"column":32}}],"line":14},"3":{"loc":{"start":{"line":18,"column":4},"end":{"line":21,"column":5}},"type":"if","locations":[{"start":{"line":18,"column":4},"end":{"line":21,"column":5}},{"start":{"line":18,"column":4},"end":{"line":21,"column":5}}],"line":18}},"s":{"0":3,"1":3,"2":3,"3":3,"4":3,"5":3,"6":16,"7":16,"8":16,"9":16,"10":16,"11":5,"12":5,"13":11,"14":1,"15":1,"16":10,"17":10,"18":10,"19":10,"20":3},"f":{"0":16},"b":{"0":[5,11],"1":[5,11],"2":[16,11],"3":[1,10]},"_coverageSchema":"43e27e138ebf9cfc5966b082cf9a028302ed4184","hash":"b1219ea8aa4b085e77f2b3c2d7be8439205fefd3"}
,"/home/walder/workspaces/fullstack_project/backend/controllers/registration.js": {"path":"/home/walder/workspaces/fullstack_project/backend/controllers/registration.js","statementMap":{"0":{"start":{"line":1,"column":27},"end":{"line":1,"column":54}},"1":{"start":{"line":2,"column":13},"end":{"line":2,"column":38}},"2":{"start":{"line":3,"column":21},"end":{"line":3,"column":54}},"3":{"start":{"line":4,"column":15},"end":{"line":4,"column":32}},"4":{"start":{"line":5,"column":21},"end":{"line":5,"column":56}},"5":{"start":{"line":6,"column":19},"end":{"line":6,"column":49}},"6":{"start":{"line":7,"column":15},"end":{"line":7,"column":41}},"7":{"start":{"line":9,"column":0},"end":{"line":28,"column":2}},"8":{"start":{"line":10,"column":2},"end":{"line":26,"column":3}},"9":{"start":{"line":11,"column":30},"end":{"line":11,"column":80}},"10":{"start":{"line":12,"column":4},"end":{"line":20,"column":5}},"11":{"start":{"line":13,"column":19},"end":{"line":13,"column":67}},"12":{"start":{"line":14,"column":6},"end":{"line":14,"column":24}},"13":{"start":{"line":15,"column":6},"end":{"line":15,"column":23}},"14":{"start":{"line":16,"column":6},"end":{"line":16,"column":65}},"15":{"start":{"line":17,"column":6},"end":{"line":17,"column":51}},"16":{"start":{"line":18,"column":6},"end":{"line":18,"column":61}},"17":{"start":{"line":21,"column":4},"end":{"line":21,"column":84}},"18":{"start":{"line":22,"column":4},"end":{"line":22,"column":98}},"19":{"start":{"line":25,"column":4},"end":{"line":25,"column":19}},"20":{"start":{"line":32,"column":0},"end":{"line":63,"column":4}},"21":{"start":{"line":33,"column":4},"end":{"line":62,"column":5}},"22":{"start":{"line":34,"column":21},"end":{"line":34,"column":33}},"23":{"start":{"line":35,"column":21},"end":{"line":35,"column":23}},"24":{"start":{"line":36,"column":29},"end":{"line":36,"column":67}},"25":{"start":{"line":37,"column":21},"end":{"line":42,"column":10}},"26":{"start":{"line":43,"column":26},"end":{"line":43,"column":43}},"27":{"start":{"line":44,"column":8},"end":{"line":44,"column":51}},"28":{"start":{"line":45,"column":8},"end":{"line":55,"column":9}},"29":{"start":{"line":46,"column":31},"end":{"line":49,"column":12}},"30":{"start":{"line":51,"column":10},"end":{"line":51,"column":35}},"31":{"start":{"line":52,"column":10},"end":{"line":52,"column":56}},"32":{"start":{"line":58,"column":8},"end":{"line":58,"column":44}},"33":{"start":{"line":61,"column":6},"end":{"line":61,"column":21}},"34":{"start":{"line":65,"column":2},"end":{"line":65,"column":37}}},"fnMap":{"0":{"name":"(anonymous_0)","decl":{"start":{"line":9,"column":38},"end":{"line":9,"column":39}},"loc":{"start":{"line":9,"column":73},"end":{"line":28,"column":1}},"line":9},"1":{"name":"(anonymous_1)","decl":{"start":{"line":32,"column":29},"end":{"line":32,"column":30}},"loc":{"start":{"line":32,"column":64},"end":{"line":63,"column":3}},"line":32}},"branchMap":{"0":{"loc":{"start":{"line":12,"column":4},"end":{"line":20,"column":5}},"type":"if","locations":[{"start":{"line":12,"column":4},"end":{"line":20,"column":5}},{"start":{"line":12,"column":4},"end":{"line":20,"column":5}}],"line":12},"1":{"loc":{"start":{"line":45,"column":8},"end":{"line":55,"column":9}},"type":"if","locations":[{"start":{"line":45,"column":8},"end":{"line":55,"column":9}},{"start":{"line":45,"column":8},"end":{"line":55,"column":9}}],"line":45}},"s":{"0":3,"1":3,"2":3,"3":3,"4":3,"5":3,"6":3,"7":3,"8":0,"9":0,"10":0,"11":0,"12":0,"13":0,"14":0,"15":0,"16":0,"17":0,"18":0,"19":0,"20":3,"21":8,"22":8,"23":8,"24":8,"25":6,"26":6,"27":1,"28":1,"29":1,"30":1,"31":1,"32":1,"33":7,"34":3},"f":{"0":0,"1":8},"b":{"0":[0,0],"1":[1,0]},"_coverageSchema":"43e27e138ebf9cfc5966b082cf9a028302ed4184","hash":"9dbfa957d2a2a80447bf233bbdcbb7ad56b53d51"}
,"/home/walder/workspaces/fullstack_project/backend/controllers/users.js": {"path":"/home/walder/workspaces/fullstack_project/backend/controllers/users.js","statementMap":{"0":{"start":{"line":1,"column":20},"end":{"line":1,"column":47}},"1":{"start":{"line":2,"column":13},"end":{"line":2,"column":38}},"2":{"start":{"line":3,"column":15},"end":{"line":3,"column":32}},"3":{"start":{"line":4,"column":29},"end":{"line":4,"column":69}},"4":{"start":{"line":5,"column":23},"end":{"line":5,"column":57}},"5":{"start":{"line":6,"column":17},"end":{"line":6,"column":36}},"6":{"start":{"line":9,"column":0},"end":{"line":25,"column":4}},"7":{"start":{"line":10,"column":4},"end":{"line":24,"column":5}},"8":{"start":{"line":12,"column":32},"end":{"line":12,"column":84}},"9":{"start":{"line":13,"column":6},"end":{"line":15,"column":7}},"10":{"start":{"line":14,"column":8},"end":{"line":14,"column":61}},"11":{"start":{"line":16,"column":6},"end":{"line":18,"column":7}},"12":{"start":{"line":17,"column":8},"end":{"line":17,"column":59}},"13":{"start":{"line":20,"column":20},"end":{"line":20,"column":60}},"14":{"start":{"line":21,"column":6},"end":{"line":21,"column":60}},"15":{"start":{"line":21,"column":45},"end":{"line":21,"column":58}},"16":{"start":{"line":23,"column":6},"end":{"line":23,"column":21}},"17":{"start":{"line":28,"column":0},"end":{"line":60,"column":2}},"18":{"start":{"line":29,"column":4},"end":{"line":59,"column":5}},"19":{"start":{"line":31,"column":32},"end":{"line":31,"column":84}},"20":{"start":{"line":32,"column":6},"end":{"line":34,"column":7}},"21":{"start":{"line":33,"column":8},"end":{"line":33,"column":61}},"22":{"start":{"line":36,"column":19},"end":{"line":36,"column":31}},"23":{"start":{"line":37,"column":19},"end":{"line":40,"column":53}},"24":{"start":{"line":40,"column":24},"end":{"line":40,"column":52}},"25":{"start":{"line":43,"column":6},"end":{"line":49,"column":7}},"26":{"start":{"line":44,"column":8},"end":{"line":46,"column":62}},"27":{"start":{"line":48,"column":8},"end":{"line":48,"column":56}},"28":{"start":{"line":51,"column":6},"end":{"line":55,"column":7}},"29":{"start":{"line":52,"column":8},"end":{"line":52,"column":64}},"30":{"start":{"line":54,"column":8},"end":{"line":54,"column":66}},"31":{"start":{"line":58,"column":6},"end":{"line":58,"column":21}},"32":{"start":{"line":62,"column":0},"end":{"line":94,"column":4}},"33":{"start":{"line":63,"column":4},"end":{"line":93,"column":5}},"34":{"start":{"line":65,"column":32},"end":{"line":65,"column":84}},"35":{"start":{"line":66,"column":6},"end":{"line":68,"column":7}},"36":{"start":{"line":67,"column":8},"end":{"line":67,"column":61}},"37":{"start":{"line":71,"column":19},"end":{"line":75,"column":53}},"38":{"start":{"line":75,"column":24},"end":{"line":75,"column":52}},"39":{"start":{"line":77,"column":19},"end":{"line":77,"column":31}},"40":{"start":{"line":79,"column":19},"end":{"line":79,"column":21}},"41":{"start":{"line":80,"column":27},"end":{"line":80,"column":65}},"42":{"start":{"line":83,"column":6},"end":{"line":89,"column":7}},"43":{"start":{"line":84,"column":8},"end":{"line":84,"column":36}},"44":{"start":{"line":85,"column":26},"end":{"line":85,"column":43}},"45":{"start":{"line":86,"column":8},"end":{"line":86,"column":60}},"46":{"start":{"line":88,"column":8},"end":{"line":88,"column":56}},"47":{"start":{"line":92,"column":6},"end":{"line":92,"column":21}},"48":{"start":{"line":96,"column":2},"end":{"line":121,"column":4}},"49":{"start":{"line":97,"column":4},"end":{"line":120,"column":5}},"50":{"start":{"line":99,"column":32},"end":{"line":99,"column":84}},"51":{"start":{"line":100,"column":6},"end":{"line":102,"column":7}},"52":{"start":{"line":101,"column":8},"end":{"line":101,"column":61}},"53":{"start":{"line":103,"column":6},"end":{"line":105,"column":7}},"54":{"start":{"line":104,"column":8},"end":{"line":104,"column":59}},"55":{"start":{"line":107,"column":22},"end":{"line":111,"column":53}},"56":{"start":{"line":111,"column":24},"end":{"line":111,"column":52}},"57":{"start":{"line":113,"column":6},"end":{"line":117,"column":7}},"58":{"start":{"line":114,"column":8},"end":{"line":114,"column":51}},"59":{"start":{"line":116,"column":8},"end":{"line":116,"column":56}},"60":{"start":{"line":119,"column":6},"end":{"line":119,"column":21}},"61":{"start":{"line":124,"column":2},"end":{"line":153,"column":4}},"62":{"start":{"line":125,"column":4},"end":{"line":152,"column":5}},"63":{"start":{"line":126,"column":32},"end":{"line":126,"column":84}},"64":{"start":{"line":127,"column":6},"end":{"line":129,"column":7}},"65":{"start":{"line":128,"column":8},"end":{"line":128,"column":61}},"66":{"start":{"line":131,"column":19},"end":{"line":135,"column":53}},"67":{"start":{"line":135,"column":24},"end":{"line":135,"column":52}},"68":{"start":{"line":137,"column":6},"end":{"line":148,"column":7}},"69":{"start":{"line":138,"column":8},"end":{"line":138,"column":37}},"70":{"start":{"line":139,"column":8},"end":{"line":139,"column":45}},"71":{"start":{"line":140,"column":8},"end":{"line":140,"column":39}},"72":{"start":{"line":141,"column":8},"end":{"line":141,"column":41}},"73":{"start":{"line":142,"column":8},"end":{"line":142,"column":37}},"74":{"start":{"line":144,"column":26},"end":{"line":144,"column":43}},"75":{"start":{"line":145,"column":8},"end":{"line":145,"column":60}},"76":{"start":{"line":147,"column":8},"end":{"line":147,"column":56}},"77":{"start":{"line":151,"column":6},"end":{"line":151,"column":21}},"78":{"start":{"line":155,"column":0},"end":{"line":155,"column":28}}},"fnMap":{"0":{"name":"(anonymous_0)","decl":{"start":{"line":9,"column":21},"end":{"line":9,"column":22}},"loc":{"start":{"line":9,"column":56},"end":{"line":25,"column":3}},"line":9},"1":{"name":"(anonymous_1)","decl":{"start":{"line":21,"column":37},"end":{"line":21,"column":38}},"loc":{"start":{"line":21,"column":45},"end":{"line":21,"column":58}},"line":21},"2":{"name":"(anonymous_2)","decl":{"start":{"line":28,"column":30},"end":{"line":28,"column":31}},"loc":{"start":{"line":28,"column":65},"end":{"line":60,"column":1}},"line":28},"3":{"name":"(anonymous_3)","decl":{"start":{"line":40,"column":15},"end":{"line":40,"column":16}},"loc":{"start":{"line":40,"column":24},"end":{"line":40,"column":52}},"line":40},"4":{"name":"(anonymous_4)","decl":{"start":{"line":62,"column":33},"end":{"line":62,"column":34}},"loc":{"start":{"line":62,"column":68},"end":{"line":94,"column":3}},"line":62},"5":{"name":"(anonymous_5)","decl":{"start":{"line":75,"column":15},"end":{"line":75,"column":16}},"loc":{"start":{"line":75,"column":24},"end":{"line":75,"column":52}},"line":75},"6":{"name":"(anonymous_6)","decl":{"start":{"line":96,"column":31},"end":{"line":96,"column":32}},"loc":{"start":{"line":96,"column":66},"end":{"line":121,"column":3}},"line":96},"7":{"name":"(anonymous_7)","decl":{"start":{"line":111,"column":15},"end":{"line":111,"column":16}},"loc":{"start":{"line":111,"column":24},"end":{"line":111,"column":52}},"line":111},"8":{"name":"(anonymous_8)","decl":{"start":{"line":124,"column":34},"end":{"line":124,"column":35}},"loc":{"start":{"line":124,"column":69},"end":{"line":153,"column":3}},"line":124},"9":{"name":"(anonymous_9)","decl":{"start":{"line":135,"column":15},"end":{"line":135,"column":16}},"loc":{"start":{"line":135,"column":24},"end":{"line":135,"column":52}},"line":135}},"branchMap":{"0":{"loc":{"start":{"line":13,"column":6},"end":{"line":15,"column":7}},"type":"if","locations":[{"start":{"line":13,"column":6},"end":{"line":15,"column":7}},{"start":{"line":13,"column":6},"end":{"line":15,"column":7}}],"line":13},"1":{"loc":{"start":{"line":16,"column":6},"end":{"line":18,"column":7}},"type":"if","locations":[{"start":{"line":16,"column":6},"end":{"line":18,"column":7}},{"start":{"line":16,"column":6},"end":{"line":18,"column":7}}],"line":16},"2":{"loc":{"start":{"line":32,"column":6},"end":{"line":34,"column":7}},"type":"if","locations":[{"start":{"line":32,"column":6},"end":{"line":34,"column":7}},{"start":{"line":32,"column":6},"end":{"line":34,"column":7}}],"line":32},"3":{"loc":{"start":{"line":43,"column":6},"end":{"line":49,"column":7}},"type":"if","locations":[{"start":{"line":43,"column":6},"end":{"line":49,"column":7}},{"start":{"line":43,"column":6},"end":{"line":49,"column":7}}],"line":43},"4":{"loc":{"start":{"line":43,"column":9},"end":{"line":43,"column":44}},"type":"binary-expr","locations":[{"start":{"line":43,"column":9},"end":{"line":43,"column":22}},{"start":{"line":43,"column":26},"end":{"line":43,"column":44}}],"line":43},"5":{"loc":{"start":{"line":44,"column":26},"end":{"line":46,"column":62}},"type":"cond-expr","locations":[{"start":{"line":45,"column":12},"end":{"line":45,"column":17}},{"start":{"line":46,"column":12},"end":{"line":46,"column":62}}],"line":44},"6":{"loc":{"start":{"line":51,"column":6},"end":{"line":55,"column":7}},"type":"if","locations":[{"start":{"line":51,"column":6},"end":{"line":55,"column":7}},{"start":{"line":51,"column":6},"end":{"line":55,"column":7}}],"line":51},"7":{"loc":{"start":{"line":66,"column":6},"end":{"line":68,"column":7}},"type":"if","locations":[{"start":{"line":66,"column":6},"end":{"line":68,"column":7}},{"start":{"line":66,"column":6},"end":{"line":68,"column":7}}],"line":66},"8":{"loc":{"start":{"line":83,"column":6},"end":{"line":89,"column":7}},"type":"if","locations":[{"start":{"line":83,"column":6},"end":{"line":89,"column":7}},{"start":{"line":83,"column":6},"end":{"line":89,"column":7}}],"line":83},"9":{"loc":{"start":{"line":83,"column":9},"end":{"line":83,"column":44}},"type":"binary-expr","locations":[{"start":{"line":83,"column":9},"end":{"line":83,"column":22}},{"start":{"line":83,"column":26},"end":{"line":83,"column":44}}],"line":83},"10":{"loc":{"start":{"line":100,"column":6},"end":{"line":102,"column":7}},"type":"if","locations":[{"start":{"line":100,"column":6},"end":{"line":102,"column":7}},{"start":{"line":100,"column":6},"end":{"line":102,"column":7}}],"line":100},"11":{"loc":{"start":{"line":103,"column":6},"end":{"line":105,"column":7}},"type":"if","locations":[{"start":{"line":103,"column":6},"end":{"line":105,"column":7}},{"start":{"line":103,"column":6},"end":{"line":105,"column":7}}],"line":103},"12":{"loc":{"start":{"line":113,"column":6},"end":{"line":117,"column":7}},"type":"if","locations":[{"start":{"line":113,"column":6},"end":{"line":117,"column":7}},{"start":{"line":113,"column":6},"end":{"line":117,"column":7}}],"line":113},"13":{"loc":{"start":{"line":113,"column":9},"end":{"line":113,"column":50}},"type":"binary-expr","locations":[{"start":{"line":113,"column":9},"end":{"line":113,"column":25}},{"start":{"line":113,"column":29},"end":{"line":113,"column":50}}],"line":113},"14":{"loc":{"start":{"line":127,"column":6},"end":{"line":129,"column":7}},"type":"if","locations":[{"start":{"line":127,"column":6},"end":{"line":129,"column":7}},{"start":{"line":127,"column":6},"end":{"line":129,"column":7}}],"line":127},"15":{"loc":{"start":{"line":137,"column":6},"end":{"line":148,"column":7}},"type":"if","locations":[{"start":{"line":137,"column":6},"end":{"line":148,"column":7}},{"start":{"line":137,"column":6},"end":{"line":148,"column":7}}],"line":137},"16":{"loc":{"start":{"line":137,"column":9},"end":{"line":137,"column":44}},"type":"binary-expr","locations":[{"start":{"line":137,"column":9},"end":{"line":137,"column":22}},{"start":{"line":137,"column":26},"end":{"line":137,"column":44}}],"line":137}},"s":{"0":3,"1":3,"2":3,"3":3,"4":3,"5":3,"6":3,"7":1,"8":1,"9":1,"10":1,"11":0,"12":0,"13":0,"14":0,"15":0,"16":0,"17":3,"18":0,"19":0,"20":0,"21":0,"22":0,"23":0,"24":0,"25":0,"26":0,"27":0,"28":0,"29":0,"30":0,"31":0,"32":3,"33":2,"34":2,"35":2,"36":0,"37":2,"38":0,"39":2,"40":2,"41":2,"42":1,"43":1,"44":1,"45":1,"46":0,"47":1,"48":3,"49":3,"50":3,"51":3,"52":0,"53":3,"54":0,"55":3,"56":1,"57":3,"58":1,"59":2,"60":0,"61":3,"62":2,"63":2,"64":2,"65":0,"66":2,"67":1,"68":2,"69":1,"70":1,"71":1,"72":1,"73":1,"74":1,"75":1,"76":1,"77":0,"78":3},"f":{"0":1,"1":0,"2":0,"3":0,"4":2,"5":0,"6":3,"7":1,"8":2,"9":1},"b":{"0":[1,0],"1":[0,0],"2":[0,0],"3":[0,0],"4":[0,0],"5":[0,0],"6":[0,0],"7":[0,2],"8":[1,0],"9":[1,1],"10":[0,3],"11":[0,3],"12":[1,2],"13":[3,2],"14":[0,2],"15":[1,1],"16":[2,2]},"_coverageSchema":"43e27e138ebf9cfc5966b082cf9a028302ed4184","hash":"0370ae11e659710619ec9c1f5a944c7a1672762c"}
,"/home/walder/workspaces/fullstack_project/backend/middleware/authentication.js": {"path":"/home/walder/workspaces/fullstack_project/backend/middleware/authentication.js","statementMap":{"0":{"start":{"line":1,"column":21},"end":{"line":7,"column":1}},"1":{"start":{"line":2,"column":26},"end":{"line":2,"column":54}},"2":{"start":{"line":3,"column":4},"end":{"line":5,"column":5}},"3":{"start":{"line":4,"column":8},"end":{"line":4,"column":50}},"4":{"start":{"line":6,"column":4},"end":{"line":6,"column":10}},"5":{"start":{"line":10,"column":0},"end":{"line":10,"column":33}}},"fnMap":{"0":{"name":"(anonymous_0)","decl":{"start":{"line":1,"column":21},"end":{"line":1,"column":22}},"loc":{"start":{"line":1,"column":50},"end":{"line":7,"column":1}},"line":1}},"branchMap":{"0":{"loc":{"start":{"line":3,"column":4},"end":{"line":5,"column":5}},"type":"if","locations":[{"start":{"line":3,"column":4},"end":{"line":5,"column":5}},{"start":{"line":3,"column":4},"end":{"line":5,"column":5}}],"line":3},"1":{"loc":{"start":{"line":3,"column":7},"end":{"line":3,"column":73}},"type":"binary-expr","locations":[{"start":{"line":3,"column":7},"end":{"line":3,"column":20}},{"start":{"line":3,"column":24},"end":{"line":3,"column":73}}],"line":3}},"s":{"0":3,"1":32,"2":32,"3":7,"4":32,"5":3},"f":{"0":32},"b":{"0":[7,25],"1":[32,7]},"_coverageSchema":"43e27e138ebf9cfc5966b082cf9a028302ed4184","hash":"b61043beb775ec81386ee269e8ca8b059fb4d629"}
,"/home/walder/workspaces/fullstack_project/backend/middleware/errorHandler.js": {"path":"/home/walder/workspaces/fullstack_project/backend/middleware/errorHandler.js","statementMap":{"0":{"start":{"line":1,"column":15},"end":{"line":1,"column":41}},"1":{"start":{"line":3,"column":21},"end":{"line":19,"column":1}},"2":{"start":{"line":5,"column":2},"end":{"line":8,"column":3}},"3":{"start":{"line":6,"column":4},"end":{"line":6,"column":41}},"4":{"start":{"line":7,"column":4},"end":{"line":7,"column":44}},"5":{"start":{"line":10,"column":2},"end":{"line":13,"column":3}},"6":{"start":{"line":11,"column":4},"end":{"line":11,"column":41}},"7":{"start":{"line":12,"column":4},"end":{"line":12,"column":44}},"8":{"start":{"line":16,"column":2},"end":{"line":16,"column":36}},"9":{"start":{"line":22,"column":0},"end":{"line":22,"column":29}}},"fnMap":{"0":{"name":"(anonymous_0)","decl":{"start":{"line":3,"column":21},"end":{"line":3,"column":22}},"loc":{"start":{"line":3,"column":51},"end":{"line":19,"column":1}},"line":3}},"branchMap":{"0":{"loc":{"start":{"line":5,"column":2},"end":{"line":8,"column":3}},"type":"if","locations":[{"start":{"line":5,"column":2},"end":{"line":8,"column":3}},{"start":{"line":5,"column":2},"end":{"line":8,"column":3}}],"line":5},"1":{"loc":{"start":{"line":10,"column":2},"end":{"line":13,"column":3}},"type":"if","locations":[{"start":{"line":10,"column":2},"end":{"line":13,"column":3}},{"start":{"line":10,"column":2},"end":{"line":13,"column":3}}],"line":10}},"s":{"0":3,"1":3,"2":0,"3":0,"4":0,"5":0,"6":0,"7":0,"8":0,"9":3},"f":{"0":0},"b":{"0":[0,0],"1":[0,0]},"_coverageSchema":"43e27e138ebf9cfc5966b082cf9a028302ed4184","hash":"c41de119cc2670728852e01f252b49dfa541a1df"}
,"/home/walder/workspaces/fullstack_project/backend/middleware/limitRequests.js": {"path":"/home/walder/workspaces/fullstack_project/backend/middleware/limitRequests.js","statementMap":{"0":{"start":{"line":1,"column":18},"end":{"line":1,"column":47}},"1":{"start":{"line":3,"column":21},"end":{"line":7,"column":2}},"2":{"start":{"line":9,"column":23},"end":{"line":13,"column":2}},"3":{"start":{"line":15,"column":0},"end":{"line":15,"column":49}}},"fnMap":{},"branchMap":{},"s":{"0":3,"1":3,"2":3,"3":3},"f":{},"b":{},"_coverageSchema":"43e27e138ebf9cfc5966b082cf9a028302ed4184","hash":"520f8f44e50e52ccf860a1ad38e6ed475b4d3c9d"}
,"/home/walder/workspaces/fullstack_project/backend/middleware/logging.js": {"path":"/home/walder/workspaces/fullstack_project/backend/middleware/logging.js","statementMap":{"0":{"start":{"line":1,"column":25},"end":{"line":1,"column":54}},"1":{"start":{"line":2,"column":13},"end":{"line":5,"column":1}},"2":{"start":{"line":7,"column":12},"end":{"line":7,"column":53}},"3":{"start":{"line":10,"column":20},"end":{"line":17,"column":1}},"4":{"start":{"line":12,"column":2},"end":{"line":12,"column":22}},"5":{"start":{"line":13,"column":2},"end":{"line":13,"column":37}},"6":{"start":{"line":14,"column":2},"end":{"line":14,"column":33}},"7":{"start":{"line":15,"column":2},"end":{"line":15,"column":19}},"8":{"start":{"line":16,"column":2},"end":{"line":16,"column":8}},"9":{"start":{"line":20,"column":0},"end":{"line":20,"column":32}}},"fnMap":{"0":{"name":"(anonymous_0)","decl":{"start":{"line":10,"column":20},"end":{"line":10,"column":21}},"loc":{"start":{"line":10,"column":49},"end":{"line":17,"column":1}},"line":10}},"branchMap":{},"s":{"0":3,"1":3,"2":3,"3":3,"4":32,"5":32,"6":32,"7":32,"8":32,"9":3},"f":{"0":32},"b":{},"_coverageSchema":"43e27e138ebf9cfc5966b082cf9a028302ed4184","hash":"18735e6b69d098548ffb2b62fa74216aacbbe165"}
,"/home/walder/workspaces/fullstack_project/backend/models/file.js": {"path":"/home/walder/workspaces/fullstack_project/backend/models/file.js","statementMap":{"0":{"start":{"line":1,"column":17},"end":{"line":1,"column":36}},"1":{"start":{"line":2,"column":24},"end":{"line":2,"column":60}},"2":{"start":{"line":4,"column":19},"end":{"line":38,"column":2}},"3":{"start":{"line":40,"column":0},"end":{"line":46,"column":2}},"4":{"start":{"line":42,"column":4},"end":{"line":42,"column":53}},"5":{"start":{"line":43,"column":4},"end":{"line":43,"column":29}},"6":{"start":{"line":44,"column":4},"end":{"line":44,"column":29}},"7":{"start":{"line":50,"column":0},"end":{"line":50,"column":34}},"8":{"start":{"line":51,"column":0},"end":{"line":51,"column":51}}},"fnMap":{"0":{"name":"(anonymous_0)","decl":{"start":{"line":41,"column":13},"end":{"line":41,"column":14}},"loc":{"start":{"line":41,"column":43},"end":{"line":45,"column":3}},"line":41}},"branchMap":{},"s":{"0":3,"1":3,"2":3,"3":3,"4":0,"5":0,"6":0,"7":3,"8":3},"f":{"0":0},"b":{},"_coverageSchema":"43e27e138ebf9cfc5966b082cf9a028302ed4184","hash":"051b76977b97f5d4970a4715b714bdd7d4ec463a"}
,"/home/walder/workspaces/fullstack_project/backend/models/registration.js": {"path":"/home/walder/workspaces/fullstack_project/backend/models/registration.js","statementMap":{"0":{"start":{"line":1,"column":17},"end":{"line":1,"column":36}},"1":{"start":{"line":2,"column":24},"end":{"line":2,"column":60}},"2":{"start":{"line":3,"column":17},"end":{"line":3,"column":46}},"3":{"start":{"line":5,"column":27},"end":{"line":14,"column":2}},"4":{"start":{"line":17,"column":0},"end":{"line":17,"column":37}},"5":{"start":{"line":18,"column":0},"end":{"line":18,"column":42}},"6":{"start":{"line":19,"column":0},"end":{"line":19,"column":67}}},"fnMap":{},"branchMap":{},"s":{"0":3,"1":3,"2":3,"3":3,"4":3,"5":3,"6":3},"f":{},"b":{},"_coverageSchema":"43e27e138ebf9cfc5966b082cf9a028302ed4184","hash":"0f8f7eeb47c021e58000c8610f1097f5476d512c"}
,"/home/walder/workspaces/fullstack_project/backend/models/user.js": {"path":"/home/walder/workspaces/fullstack_project/backend/models/user.js","statementMap":{"0":{"start":{"line":1,"column":17},"end":{"line":1,"column":36}},"1":{"start":{"line":2,"column":24},"end":{"line":2,"column":60}},"2":{"start":{"line":3,"column":23},"end":{"line":3,"column":57}},"3":{"start":{"line":4,"column":17},"end":{"line":4,"column":46}},"4":{"start":{"line":7,"column":19},"end":{"line":38,"column":2}},"5":{"start":{"line":42,"column":0},"end":{"line":42,"column":29}},"6":{"start":{"line":43,"column":0},"end":{"line":43,"column":34}},"7":{"start":{"line":44,"column":0},"end":{"line":50,"column":4}},"8":{"start":{"line":46,"column":6},"end":{"line":46,"column":55}},"9":{"start":{"line":47,"column":6},"end":{"line":47,"column":31}},"10":{"start":{"line":48,"column":6},"end":{"line":48,"column":31}},"11":{"start":{"line":53,"column":0},"end":{"line":53,"column":51}}},"fnMap":{"0":{"name":"(anonymous_0)","decl":{"start":{"line":45,"column":15},"end":{"line":45,"column":16}},"loc":{"start":{"line":45,"column":45},"end":{"line":49,"column":5}},"line":45}},"branchMap":{},"s":{"0":3,"1":3,"2":3,"3":3,"4":3,"5":3,"6":3,"7":3,"8":4,"9":4,"10":4,"11":3},"f":{"0":4},"b":{},"_coverageSchema":"43e27e138ebf9cfc5966b082cf9a028302ed4184","hash":"b38c18634d9c0caca34f2276e22762d15b720c6c"}
,"/home/walder/workspaces/fullstack_project/backend/utils/AppendInitVect.js": {"path":"/home/walder/workspaces/fullstack_project/backend/utils/AppendInitVect.js","statementMap":{"0":{"start":{"line":2,"column":22},"end":{"line":2,"column":39}},"1":{"start":{"line":6,"column":4},"end":{"line":6,"column":16}},"2":{"start":{"line":7,"column":4},"end":{"line":7,"column":29}},"3":{"start":{"line":8,"column":4},"end":{"line":8,"column":26}},"4":{"start":{"line":12,"column":4},"end":{"line":15,"column":5}},"5":{"start":{"line":13,"column":6},"end":{"line":13,"column":31}},"6":{"start":{"line":14,"column":6},"end":{"line":14,"column":27}},"7":{"start":{"line":16,"column":4},"end":{"line":16,"column":21}},"8":{"start":{"line":17,"column":4},"end":{"line":17,"column":9}},"9":{"start":{"line":21,"column":0},"end":{"line":21,"column":32}}},"fnMap":{"0":{"name":"(anonymous_0)","decl":{"start":{"line":5,"column":2},"end":{"line":5,"column":3}},"loc":{"start":{"line":5,"column":30},"end":{"line":9,"column":3}},"line":5},"1":{"name":"(anonymous_1)","decl":{"start":{"line":11,"column":2},"end":{"line":11,"column":3}},"loc":{"start":{"line":11,"column":34},"end":{"line":18,"column":3}},"line":11}},"branchMap":{"0":{"loc":{"start":{"line":12,"column":4},"end":{"line":15,"column":5}},"type":"if","locations":[{"start":{"line":12,"column":4},"end":{"line":15,"column":5}},{"start":{"line":12,"column":4},"end":{"line":15,"column":5}}],"line":12}},"s":{"0":3,"1":0,"2":0,"3":0,"4":0,"5":0,"6":0,"7":0,"8":0,"9":3},"f":{"0":0,"1":0},"b":{"0":[0,0]},"_coverageSchema":"43e27e138ebf9cfc5966b082cf9a028302ed4184","hash":"be26c8151b0c406b8390d6201b17f53dbc52b621"}
,"/home/walder/workspaces/fullstack_project/backend/utils/authenticationHelper.js": {"path":"/home/walder/workspaces/fullstack_project/backend/utils/authenticationHelper.js","statementMap":{"0":{"start":{"line":1,"column":13},"end":{"line":1,"column":38}},"1":{"start":{"line":2,"column":12},"end":{"line":2,"column":35}},"2":{"start":{"line":4,"column":19},"end":{"line":22,"column":1}},"3":{"start":{"line":6,"column":13},"end":{"line":6,"column":22}},"4":{"start":{"line":7,"column":2},"end":{"line":16,"column":3}},"5":{"start":{"line":8,"column":25},"end":{"line":8,"column":62}},"6":{"start":{"line":9,"column":4},"end":{"line":11,"column":5}},"7":{"start":{"line":10,"column":6},"end":{"line":10,"column":17}},"8":{"start":{"line":13,"column":4},"end":{"line":13,"column":47}},"9":{"start":{"line":15,"column":4},"end":{"line":15,"column":64}},"10":{"start":{"line":17,"column":2},"end":{"line":19,"column":3}},"11":{"start":{"line":18,"column":4},"end":{"line":18,"column":15}},"12":{"start":{"line":21,"column":2},"end":{"line":21,"column":13}},"13":{"start":{"line":24,"column":0},"end":{"line":24,"column":31}}},"fnMap":{"0":{"name":"(anonymous_0)","decl":{"start":{"line":4,"column":19},"end":{"line":4,"column":20}},"loc":{"start":{"line":4,"column":36},"end":{"line":22,"column":1}},"line":4}},"branchMap":{"0":{"loc":{"start":{"line":9,"column":4},"end":{"line":11,"column":5}},"type":"if","locations":[{"start":{"line":9,"column":4},"end":{"line":11,"column":5}},{"start":{"line":9,"column":4},"end":{"line":11,"column":5}}],"line":9},"1":{"loc":{"start":{"line":9,"column":8},"end":{"line":9,"column":34}},"type":"binary-expr","locations":[{"start":{"line":9,"column":8},"end":{"line":9,"column":14}},{"start":{"line":9,"column":18},"end":{"line":9,"column":34}}],"line":9},"2":{"loc":{"start":{"line":17,"column":2},"end":{"line":19,"column":3}},"type":"if","locations":[{"start":{"line":17,"column":2},"end":{"line":19,"column":3}},{"start":{"line":17,"column":2},"end":{"line":19,"column":3}}],"line":17}},"s":{"0":3,"1":3,"2":3,"3":8,"4":8,"5":8,"6":7,"7":0,"8":7,"9":1,"10":8,"11":1,"12":7,"13":3},"f":{"0":8},"b":{"0":[0,7],"1":[7,7],"2":[1,7]},"_coverageSchema":"43e27e138ebf9cfc5966b082cf9a028302ed4184","hash":"367a065ebd52a60fce2d7e62c9c0f81e4448a788"}
,"/home/walder/workspaces/fullstack_project/backend/utils/config.js": {"path":"/home/walder/workspaces/fullstack_project/backend/utils/config.js","statementMap":{"0":{"start":{"line":1,"column":0},"end":{"line":1,"column":26}},"1":{"start":{"line":3,"column":11},"end":{"line":3,"column":27}},"2":{"start":{"line":4,"column":13},"end":{"line":4,"column":36}},"3":{"start":{"line":6,"column":0},"end":{"line":8,"column":1}},"4":{"start":{"line":7,"column":4},"end":{"line":7,"column":41}},"5":{"start":{"line":11,"column":0},"end":{"line":11,"column":31}}},"fnMap":{},"branchMap":{"0":{"loc":{"start":{"line":6,"column":0},"end":{"line":8,"column":1}},"type":"if","locations":[{"start":{"line":6,"column":0},"end":{"line":8,"column":1}},{"start":{"line":6,"column":0},"end":{"line":8,"column":1}}],"line":6}},"s":{"0":3,"1":3,"2":3,"3":3,"4":3,"5":3},"f":{},"b":{"0":[3,0]},"_coverageSchema":"43e27e138ebf9cfc5966b082cf9a028302ed4184","hash":"8f7cacb27dd21e2864c4df18fd52a23f2f777745"}
,"/home/walder/workspaces/fullstack_project/backend/utils/cryptoHelper.js": {"path":"/home/walder/workspaces/fullstack_project/backend/utils/cryptoHelper.js","statementMap":{"0":{"start":{"line":1,"column":15},"end":{"line":1,"column":32}},"1":{"start":{"line":2,"column":23},"end":{"line":2,"column":50}},"2":{"start":{"line":3,"column":11},"end":{"line":3,"column":24}},"3":{"start":{"line":4,"column":15},"end":{"line":4,"column":34}},"4":{"start":{"line":8,"column":25},"end":{"line":13,"column":1}},"5":{"start":{"line":10,"column":23},"end":{"line":10,"column":56}},"6":{"start":{"line":11,"column":17},"end":{"line":11,"column":41}},"7":{"start":{"line":12,"column":2},"end":{"line":12,"column":78}},"8":{"start":{"line":15,"column":16},"end":{"line":33,"column":1}},"9":{"start":{"line":16,"column":4},"end":{"line":32,"column":5}},"10":{"start":{"line":17,"column":25},"end":{"line":17,"column":58}},"11":{"start":{"line":18,"column":18},"end":{"line":18,"column":40}},"12":{"start":{"line":19,"column":17},"end":{"line":19,"column":39}},"13":{"start":{"line":21,"column":21},"end":{"line":21,"column":61}},"14":{"start":{"line":22,"column":31},"end":{"line":22,"column":53}},"15":{"start":{"line":23,"column":26},"end":{"line":23,"column":69}},"16":{"start":{"line":25,"column":6},"end":{"line":27,"column":26}},"17":{"start":{"line":29,"column":6},"end":{"line":29,"column":33}},"18":{"start":{"line":31,"column":6},"end":{"line":31,"column":39}},"19":{"start":{"line":37,"column":16},"end":{"line":61,"column":1}},"20":{"start":{"line":39,"column":2},"end":{"line":60,"column":3}},"21":{"start":{"line":40,"column":23},"end":{"line":40,"column":71}},"22":{"start":{"line":41,"column":25},"end":{"line":41,"column":71}},"23":{"start":{"line":43,"column":4},"end":{"line":45,"column":6}},"24":{"start":{"line":44,"column":6},"end":{"line":44,"column":22}},"25":{"start":{"line":47,"column":4},"end":{"line":55,"column":6}},"26":{"start":{"line":48,"column":24},"end":{"line":48,"column":46}},"27":{"start":{"line":49,"column":23},"end":{"line":49,"column":77}},"28":{"start":{"line":50,"column":26},"end":{"line":50,"column":80}},"29":{"start":{"line":51,"column":6},"end":{"line":53,"column":26}},"30":{"start":{"line":57,"column":4},"end":{"line":57,"column":21}},"31":{"start":{"line":59,"column":4},"end":{"line":59,"column":37}},"32":{"start":{"line":65,"column":21},"end":{"line":65,"column":88}},"33":{"start":{"line":65,"column":35},"end":{"line":65,"column":88}},"34":{"start":{"line":68,"column":0},"end":{"line":68,"column":55}}},"fnMap":{"0":{"name":"(anonymous_0)","decl":{"start":{"line":8,"column":25},"end":{"line":8,"column":26}},"loc":{"start":{"line":8,"column":31},"end":{"line":13,"column":1}},"line":8},"1":{"name":"(anonymous_1)","decl":{"start":{"line":15,"column":16},"end":{"line":15,"column":17}},"loc":{"start":{"line":15,"column":44},"end":{"line":33,"column":1}},"line":15},"2":{"name":"(anonymous_2)","decl":{"start":{"line":37,"column":16},"end":{"line":37,"column":17}},"loc":{"start":{"line":37,"column":44},"end":{"line":61,"column":1}},"line":37},"3":{"name":"(anonymous_3)","decl":{"start":{"line":43,"column":28},"end":{"line":43,"column":29}},"loc":{"start":{"line":43,"column":39},"end":{"line":45,"column":5}},"line":43},"4":{"name":"(anonymous_4)","decl":{"start":{"line":47,"column":29},"end":{"line":47,"column":30}},"loc":{"start":{"line":47,"column":35},"end":{"line":55,"column":5}},"line":47},"5":{"name":"(anonymous_5)","decl":{"start":{"line":65,"column":21},"end":{"line":65,"column":22}},"loc":{"start":{"line":65,"column":35},"end":{"line":65,"column":88}},"line":65}},"branchMap":{},"s":{"0":3,"1":3,"2":3,"3":3,"4":3,"5":1,"6":1,"7":1,"8":3,"9":0,"10":0,"11":0,"12":0,"13":0,"14":0,"15":0,"16":0,"17":0,"18":0,"19":3,"20":0,"21":0,"22":0,"23":0,"24":0,"25":0,"26":0,"27":0,"28":0,"29":0,"30":0,"31":0,"32":3,"33":0,"34":3},"f":{"0":1,"1":0,"2":0,"3":0,"4":0,"5":0},"b":{},"_coverageSchema":"43e27e138ebf9cfc5966b082cf9a028302ed4184","hash":"f934bef44e9612d6459ba6983eba91f09875720c"}
,"/home/walder/workspaces/fullstack_project/backend/utils/helperFunctions.js": {"path":"/home/walder/workspaces/fullstack_project/backend/utils/helperFunctions.js","statementMap":{"0":{"start":{"line":1,"column":0},"end":{"line":1,"column":26}},"1":{"start":{"line":5,"column":2},"end":{"line":5,"column":57}},"2":{"start":{"line":5,"column":32},"end":{"line":5,"column":55}},"3":{"start":{"line":10,"column":2},"end":{"line":10,"column":30}},"4":{"start":{"line":11,"column":14},"end":{"line":11,"column":50}},"5":{"start":{"line":12,"column":2},"end":{"line":12,"column":12}},"6":{"start":{"line":18,"column":20},"end":{"line":18,"column":40}},"7":{"start":{"line":19,"column":13},"end":{"line":19,"column":15}},"8":{"start":{"line":20,"column":2},"end":{"line":20,"column":86}},"9":{"start":{"line":20,"column":50},"end":{"line":20,"column":84}},"10":{"start":{"line":21,"column":2},"end":{"line":26,"column":3}},"11":{"start":{"line":22,"column":4},"end":{"line":22,"column":27}},"12":{"start":{"line":24,"column":4},"end":{"line":24,"column":14}},"13":{"start":{"line":25,"column":4},"end":{"line":25,"column":27}},"14":{"start":{"line":27,"column":2},"end":{"line":27,"column":22}},"15":{"start":{"line":28,"column":2},"end":{"line":28,"column":13}},"16":{"start":{"line":33,"column":2},"end":{"line":33,"column":82}},"17":{"start":{"line":33,"column":47},"end":{"line":33,"column":81}},"18":{"start":{"line":34,"column":2},"end":{"line":34,"column":13}},"19":{"start":{"line":37,"column":0},"end":{"line":37,"column":66}}},"fnMap":{"0":{"name":"sleep","decl":{"start":{"line":4,"column":9},"end":{"line":4,"column":14}},"loc":{"start":{"line":4,"column":19},"end":{"line":6,"column":1}},"line":4},"1":{"name":"(anonymous_1)","decl":{"start":{"line":5,"column":21},"end":{"line":5,"column":22}},"loc":{"start":{"line":5,"column":32},"end":{"line":5,"column":55}},"line":5},"2":{"name":"getDir","decl":{"start":{"line":9,"column":9},"end":{"line":9,"column":15}},"loc":{"start":{"line":9,"column":24},"end":{"line":14,"column":1}},"line":9},"3":{"name":"modifyLastUsed","decl":{"start":{"line":17,"column":9},"end":{"line":17,"column":23}},"loc":{"start":{"line":17,"column":37},"end":{"line":29,"column":1}},"line":17},"4":{"name":"(anonymous_4)","decl":{"start":{"line":20,"column":42},"end":{"line":20,"column":43}},"loc":{"start":{"line":20,"column":50},"end":{"line":20,"column":84}},"line":20},"5":{"name":"removeLastUsed","decl":{"start":{"line":32,"column":9},"end":{"line":32,"column":23}},"loc":{"start":{"line":32,"column":37},"end":{"line":35,"column":1}},"line":32},"6":{"name":"(anonymous_6)","decl":{"start":{"line":33,"column":39},"end":{"line":33,"column":40}},"loc":{"start":{"line":33,"column":47},"end":{"line":33,"column":81}},"line":33}},"branchMap":{"0":{"loc":{"start":{"line":21,"column":2},"end":{"line":26,"column":3}},"type":"if","locations":[{"start":{"line":21,"column":2},"end":{"line":26,"column":3}},{"start":{"line":21,"column":2},"end":{"line":26,"column":3}}],"line":21}},"s":{"0":3,"1":0,"2":0,"3":0,"4":0,"5":0,"6":0,"7":0,"8":0,"9":0,"10":0,"11":0,"12":0,"13":0,"14":0,"15":0,"16":0,"17":0,"18":0,"19":3},"f":{"0":0,"1":0,"2":0,"3":0,"4":0,"5":0,"6":0},"b":{"0":[0,0]},"_coverageSchema":"43e27e138ebf9cfc5966b082cf9a028302ed4184","hash":"95afab6268fbcbf525a3ef8a43045a4bd36ad1c8"}
,"/home/walder/workspaces/fullstack_project/backend/utils/logger.js": {"path":"/home/walder/workspaces/fullstack_project/backend/utils/logger.js","statementMap":{"0":{"start":{"line":1,"column":25},"end":{"line":1,"column":54}},"1":{"start":{"line":3,"column":18},"end":{"line":28,"column":1}},"2":{"start":{"line":6,"column":15},"end":{"line":9,"column":3}},"3":{"start":{"line":11,"column":14},"end":{"line":11,"column":55}},"4":{"start":{"line":13,"column":2},"end":{"line":17,"column":3}},"5":{"start":{"line":14,"column":4},"end":{"line":14,"column":24}},"6":{"start":{"line":15,"column":4},"end":{"line":15,"column":56}},"7":{"start":{"line":16,"column":4},"end":{"line":16,"column":10}},"8":{"start":{"line":18,"column":2},"end":{"line":22,"column":3}},"9":{"start":{"line":19,"column":4},"end":{"line":19,"column":24}},"10":{"start":{"line":20,"column":4},"end":{"line":20,"column":56}},"11":{"start":{"line":21,"column":4},"end":{"line":21,"column":10}},"12":{"start":{"line":23,"column":2},"end":{"line":27,"column":3}},"13":{"start":{"line":24,"column":4},"end":{"line":24,"column":24}},"14":{"start":{"line":25,"column":4},"end":{"line":25,"column":50}},"15":{"start":{"line":26,"column":4},"end":{"line":26,"column":10}},"16":{"start":{"line":31,"column":25},"end":{"line":53,"column":1}},"17":{"start":{"line":33,"column":15},"end":{"line":36,"column":3}},"18":{"start":{"line":38,"column":14},"end":{"line":38,"column":55}},"19":{"start":{"line":39,"column":2},"end":{"line":42,"column":3}},"20":{"start":{"line":40,"column":4},"end":{"line":40,"column":24}},"21":{"start":{"line":41,"column":4},"end":{"line":41,"column":109}},"22":{"start":{"line":43,"column":2},"end":{"line":46,"column":3}},"23":{"start":{"line":44,"column":4},"end":{"line":44,"column":24}},"24":{"start":{"line":45,"column":4},"end":{"line":45,"column":102}},"25":{"start":{"line":47,"column":2},"end":{"line":50,"column":3}},"26":{"start":{"line":48,"column":4},"end":{"line":48,"column":24}},"27":{"start":{"line":49,"column":4},"end":{"line":49,"column":62}},"28":{"start":{"line":51,"column":2},"end":{"line":51,"column":8}},"29":{"start":{"line":55,"column":24},"end":{"line":68,"column":1}},"30":{"start":{"line":57,"column":15},"end":{"line":60,"column":3}},"31":{"start":{"line":62,"column":14},"end":{"line":62,"column":55}},"32":{"start":{"line":64,"column":2},"end":{"line":64,"column":23}},"33":{"start":{"line":65,"column":2},"end":{"line":65,"column":44}},"34":{"start":{"line":66,"column":2},"end":{"line":66,"column":8}},"35":{"start":{"line":70,"column":21},"end":{"line":83,"column":1}},"36":{"start":{"line":72,"column":15},"end":{"line":75,"column":3}},"37":{"start":{"line":77,"column":14},"end":{"line":77,"column":55}},"38":{"start":{"line":79,"column":2},"end":{"line":79,"column":22}},"39":{"start":{"line":80,"column":2},"end":{"line":80,"column":64}},"40":{"start":{"line":81,"column":2},"end":{"line":81,"column":8}},"41":{"start":{"line":85,"column":27},"end":{"line":98,"column":1}},"42":{"start":{"line":87,"column":15},"end":{"line":90,"column":3}},"43":{"start":{"line":92,"column":14},"end":{"line":92,"column":55}},"44":{"start":{"line":94,"column":2},"end":{"line":94,"column":23}},"45":{"start":{"line":95,"column":2},"end":{"line":95,"column":49}},"46":{"start":{"line":96,"column":2},"end":{"line":96,"column":8}},"47":{"start":{"line":100,"column":21},"end":{"line":113,"column":1}},"48":{"start":{"line":102,"column":15},"end":{"line":105,"column":3}},"49":{"start":{"line":107,"column":14},"end":{"line":107,"column":55}},"50":{"start":{"line":109,"column":2},"end":{"line":109,"column":22}},"51":{"start":{"line":110,"column":2},"end":{"line":110,"column":42}},"52":{"start":{"line":111,"column":2},"end":{"line":111,"column":8}},"53":{"start":{"line":116,"column":19},"end":{"line":129,"column":1}},"54":{"start":{"line":118,"column":15},"end":{"line":121,"column":3}},"55":{"start":{"line":123,"column":14},"end":{"line":123,"column":55}},"56":{"start":{"line":125,"column":2},"end":{"line":125,"column":22}},"57":{"start":{"line":126,"column":2},"end":{"line":126,"column":40}},"58":{"start":{"line":127,"column":2},"end":{"line":127,"column":8}},"59":{"start":{"line":131,"column":25},"end":{"line":144,"column":1}},"60":{"start":{"line":133,"column":15},"end":{"line":136,"column":3}},"61":{"start":{"line":138,"column":14},"end":{"line":138,"column":55}},"62":{"start":{"line":140,"column":2},"end":{"line":140,"column":23}},"63":{"start":{"line":141,"column":2},"end":{"line":141,"column":42}},"64":{"start":{"line":142,"column":2},"end":{"line":142,"column":8}},"65":{"start":{"line":147,"column":19},"end":{"line":160,"column":1}},"66":{"start":{"line":149,"column":15},"end":{"line":152,"column":3}},"67":{"start":{"line":154,"column":14},"end":{"line":154,"column":55}},"68":{"start":{"line":156,"column":2},"end":{"line":156,"column":22}},"69":{"start":{"line":157,"column":2},"end":{"line":157,"column":40}},"70":{"start":{"line":158,"column":2},"end":{"line":158,"column":8}},"71":{"start":{"line":163,"column":25},"end":{"line":176,"column":1}},"72":{"start":{"line":165,"column":15},"end":{"line":168,"column":3}},"73":{"start":{"line":170,"column":14},"end":{"line":170,"column":55}},"74":{"start":{"line":172,"column":2},"end":{"line":172,"column":23}},"75":{"start":{"line":173,"column":2},"end":{"line":173,"column":40}},"76":{"start":{"line":174,"column":2},"end":{"line":174,"column":8}},"77":{"start":{"line":178,"column":20},"end":{"line":190,"column":1}},"78":{"start":{"line":179,"column":15},"end":{"line":182,"column":3}},"79":{"start":{"line":184,"column":14},"end":{"line":184,"column":55}},"80":{"start":{"line":186,"column":2},"end":{"line":186,"column":23}},"81":{"start":{"line":187,"column":2},"end":{"line":187,"column":40}},"82":{"start":{"line":188,"column":2},"end":{"line":188,"column":8}},"83":{"start":{"line":192,"column":21},"end":{"line":205,"column":1}},"84":{"start":{"line":194,"column":15},"end":{"line":197,"column":3}},"85":{"start":{"line":199,"column":14},"end":{"line":199,"column":55}},"86":{"start":{"line":201,"column":2},"end":{"line":201,"column":23}},"87":{"start":{"line":202,"column":2},"end":{"line":202,"column":39}},"88":{"start":{"line":203,"column":2},"end":{"line":203,"column":8}},"89":{"start":{"line":206,"column":0},"end":{"line":206,"column":199}}},"fnMap":{"0":{"name":"(anonymous_0)","decl":{"start":{"line":3,"column":18},"end":{"line":3,"column":19}},"loc":{"start":{"line":3,"column":40},"end":{"line":28,"column":1}},"line":3},"1":{"name":"(anonymous_1)","decl":{"start":{"line":31,"column":25},"end":{"line":31,"column":26}},"loc":{"start":{"line":31,"column":49},"end":{"line":53,"column":1}},"line":31},"2":{"name":"(anonymous_2)","decl":{"start":{"line":55,"column":24},"end":{"line":55,"column":25}},"loc":{"start":{"line":55,"column":39},"end":{"line":68,"column":1}},"line":55},"3":{"name":"(anonymous_3)","decl":{"start":{"line":70,"column":21},"end":{"line":70,"column":22}},"loc":{"start":{"line":70,"column":33},"end":{"line":83,"column":1}},"line":70},"4":{"name":"(anonymous_4)","decl":{"start":{"line":85,"column":27},"end":{"line":85,"column":28}},"loc":{"start":{"line":85,"column":42},"end":{"line":98,"column":1}},"line":85},"5":{"name":"(anonymous_5)","decl":{"start":{"line":100,"column":21},"end":{"line":100,"column":22}},"loc":{"start":{"line":100,"column":35},"end":{"line":113,"column":1}},"line":100},"6":{"name":"(anonymous_6)","decl":{"start":{"line":116,"column":19},"end":{"line":116,"column":20}},"loc":{"start":{"line":116,"column":33},"end":{"line":129,"column":1}},"line":116},"7":{"name":"(anonymous_7)","decl":{"start":{"line":131,"column":25},"end":{"line":131,"column":26}},"loc":{"start":{"line":131,"column":40},"end":{"line":144,"column":1}},"line":131},"8":{"name":"(anonymous_8)","decl":{"start":{"line":147,"column":19},"end":{"line":147,"column":20}},"loc":{"start":{"line":147,"column":33},"end":{"line":160,"column":1}},"line":147},"9":{"name":"(anonymous_9)","decl":{"start":{"line":163,"column":25},"end":{"line":163,"column":26}},"loc":{"start":{"line":163,"column":38},"end":{"line":176,"column":1}},"line":163},"10":{"name":"(anonymous_10)","decl":{"start":{"line":178,"column":20},"end":{"line":178,"column":21}},"loc":{"start":{"line":178,"column":33},"end":{"line":190,"column":1}},"line":178},"11":{"name":"(anonymous_11)","decl":{"start":{"line":192,"column":21},"end":{"line":192,"column":22}},"loc":{"start":{"line":192,"column":34},"end":{"line":205,"column":1}},"line":192}},"branchMap":{"0":{"loc":{"start":{"line":13,"column":2},"end":{"line":17,"column":3}},"type":"if","locations":[{"start":{"line":13,"column":2},"end":{"line":17,"column":3}},{"start":{"line":13,"column":2},"end":{"line":17,"column":3}}],"line":13},"1":{"loc":{"start":{"line":18,"column":2},"end":{"line":22,"column":3}},"type":"if","locations":[{"start":{"line":18,"column":2},"end":{"line":22,"column":3}},{"start":{"line":18,"column":2},"end":{"line":22,"column":3}}],"line":18},"2":{"loc":{"start":{"line":23,"column":2},"end":{"line":27,"column":3}},"type":"if","locations":[{"start":{"line":23,"column":2},"end":{"line":27,"column":3}},{"start":{"line":23,"column":2},"end":{"line":27,"column":3}}],"line":23},"3":{"loc":{"start":{"line":39,"column":2},"end":{"line":42,"column":3}},"type":"if","locations":[{"start":{"line":39,"column":2},"end":{"line":42,"column":3}},{"start":{"line":39,"column":2},"end":{"line":42,"column":3}}],"line":39},"4":{"loc":{"start":{"line":43,"column":2},"end":{"line":46,"column":3}},"type":"if","locations":[{"start":{"line":43,"column":2},"end":{"line":46,"column":3}},{"start":{"line":43,"column":2},"end":{"line":46,"column":3}}],"line":43},"5":{"loc":{"start":{"line":47,"column":2},"end":{"line":50,"column":3}},"type":"if","locations":[{"start":{"line":47,"column":2},"end":{"line":50,"column":3}},{"start":{"line":47,"column":2},"end":{"line":50,"column":3}}],"line":47}},"s":{"0":3,"1":3,"2":32,"3":32,"4":32,"5":16,"6":16,"7":16,"8":16,"9":6,"10":6,"11":6,"12":10,"13":10,"14":10,"15":10,"16":3,"17":2,"18":2,"19":2,"20":1,"21":1,"22":2,"23":1,"24":1,"25":2,"26":0,"27":0,"28":2,"29":3,"30":0,"31":0,"32":0,"33":0,"34":0,"35":3,"36":0,"37":0,"38":0,"39":0,"40":0,"41":3,"42":0,"43":0,"44":0,"45":0,"46":0,"47":3,"48":0,"49":0,"50":0,"51":0,"52":0,"53":3,"54":0,"55":0,"56":0,"57":0,"58":0,"59":3,"60":0,"61":0,"62":0,"63":0,"64":0,"65":3,"66":0,"67":0,"68":0,"69":0,"70":0,"71":3,"72":0,"73":0,"74":0,"75":0,"76":0,"77":3,"78":0,"79":0,"80":0,"81":0,"82":0,"83":3,"84":0,"85":0,"86":0,"87":0,"88":0,"89":3},"f":{"0":32,"1":2,"2":0,"3":0,"4":0,"5":0,"6":0,"7":0,"8":0,"9":0,"10":0,"11":0},"b":{"0":[16,16],"1":[6,10],"2":[10,0],"3":[1,1],"4":[1,1],"5":[0,2]},"_coverageSchema":"43e27e138ebf9cfc5966b082cf9a028302ed4184","hash":"d0de20e7a18332d9251b0d4d08769442662f81d7"}
,"/home/walder/workspaces/fullstack_project/backend/utils/nameCreation.js": {"path":"/home/walder/workspaces/fullstack_project/backend/utils/nameCreation.js","statementMap":{"0":{"start":{"line":2,"column":11},"end":{"line":2,"column":24}},"1":{"start":{"line":3,"column":15},"end":{"line":3,"column":41}},"2":{"start":{"line":5,"column":16},"end":{"line":11,"column":1}},"3":{"start":{"line":6,"column":2},"end":{"line":10,"column":3}},"4":{"start":{"line":7,"column":4},"end":{"line":7,"column":23}},"5":{"start":{"line":9,"column":4},"end":{"line":9,"column":17}},"6":{"start":{"line":13,"column":27},"end":{"line":39,"column":1}},"7":{"start":{"line":15,"column":16},"end":{"line":15,"column":31}},"8":{"start":{"line":16,"column":16},"end":{"line":16,"column":48}},"9":{"start":{"line":17,"column":2},"end":{"line":20,"column":3}},"10":{"start":{"line":18,"column":4},"end":{"line":18,"column":41}},"11":{"start":{"line":19,"column":4},"end":{"line":19,"column":41}},"12":{"start":{"line":22,"column":16},"end":{"line":22,"column":112}},"13":{"start":{"line":24,"column":16},"end":{"line":24,"column":17}},"14":{"start":{"line":25,"column":12},"end":{"line":25,"column":14}},"15":{"start":{"line":26,"column":2},"end":{"line":35,"column":3}},"16":{"start":{"line":27,"column":4},"end":{"line":34,"column":5}},"17":{"start":{"line":28,"column":6},"end":{"line":28,"column":11}},"18":{"start":{"line":30,"column":6},"end":{"line":30,"column":18}},"19":{"start":{"line":31,"column":6},"end":{"line":31,"column":15}},"20":{"start":{"line":32,"column":6},"end":{"line":32,"column":31}},"21":{"start":{"line":33,"column":6},"end":{"line":33,"column":118}},"22":{"start":{"line":37,"column":2},"end":{"line":37,"column":85}},"23":{"start":{"line":42,"column":22},"end":{"line":48,"column":1}},"24":{"start":{"line":43,"column":2},"end":{"line":47,"column":3}},"25":{"start":{"line":44,"column":4},"end":{"line":44,"column":15}},"26":{"start":{"line":46,"column":4},"end":{"line":46,"column":16}},"27":{"start":{"line":52,"column":0},"end":{"line":52,"column":39}}},"fnMap":{"0":{"name":"(anonymous_0)","decl":{"start":{"line":5,"column":16},"end":{"line":5,"column":17}},"loc":{"start":{"line":5,"column":28},"end":{"line":11,"column":1}},"line":5},"1":{"name":"(anonymous_1)","decl":{"start":{"line":13,"column":27},"end":{"line":13,"column":28}},"loc":{"start":{"line":13,"column":83},"end":{"line":39,"column":1}},"line":13},"2":{"name":"(anonymous_2)","decl":{"start":{"line":42,"column":22},"end":{"line":42,"column":23}},"loc":{"start":{"line":42,"column":32},"end":{"line":48,"column":1}},"line":42}},"branchMap":{"0":{"loc":{"start":{"line":6,"column":2},"end":{"line":10,"column":3}},"type":"if","locations":[{"start":{"line":6,"column":2},"end":{"line":10,"column":3}},{"start":{"line":6,"column":2},"end":{"line":10,"column":3}}],"line":6},"1":{"loc":{"start":{"line":17,"column":2},"end":{"line":20,"column":3}},"type":"if","locations":[{"start":{"line":17,"column":2},"end":{"line":20,"column":3}},{"start":{"line":17,"column":2},"end":{"line":20,"column":3}}],"line":17},"2":{"loc":{"start":{"line":27,"column":4},"end":{"line":34,"column":5}},"type":"if","locations":[{"start":{"line":27,"column":4},"end":{"line":34,"column":5}},{"start":{"line":27,"column":4},"end":{"line":34,"column":5}}],"line":27},"3":{"loc":{"start":{"line":43,"column":2},"end":{"line":47,"column":3}},"type":"if","locations":[{"start":{"line":43,"column":2},"end":{"line":47,"column":3}},{"start":{"line":43,"column":2},"end":{"line":47,"column":3}}],"line":43},"4":{"loc":{"start":{"line":43,"column":5},"end":{"line":43,"column":54}},"type":"binary-expr","locations":[{"start":{"line":43,"column":5},"end":{"line":43,"column":31}},{"start":{"line":43,"column":35},"end":{"line":43,"column":54}}],"line":43}},"s":{"0":3,"1":3,"2":3,"3":0,"4":0,"5":0,"6":3,"7":0,"8":0,"9":0,"10":0,"11":0,"12":0,"13":0,"14":0,"15":0,"16":0,"17":0,"18":0,"19":0,"20":0,"21":0,"22":0,"23":3,"24":0,"25":0,"26":0,"27":3},"f":{"0":0,"1":0,"2":0},"b":{"0":[0,0],"1":[0,0],"2":[0,0],"3":[0,0],"4":[0,0]},"_coverageSchema":"43e27e138ebf9cfc5966b082cf9a028302ed4184","hash":"48e3cb972203639d60ed09cb66b37c73e0a5133b"}
,"/home/walder/workspaces/fullstack_project/backend/utils/nodemailer.js": {"path":"/home/walder/workspaces/fullstack_project/backend/utils/nodemailer.js","statementMap":{"0":{"start":{"line":1,"column":19},"end":{"line":1,"column":40}},"1":{"start":{"line":2,"column":0},"end":{"line":2,"column":26}},"2":{"start":{"line":4,"column":11},"end":{"line":4,"column":34}},"3":{"start":{"line":6,"column":20},"end":{"line":17,"column":2}},"4":{"start":{"line":19,"column":0},"end":{"line":26,"column":3}},"5":{"start":{"line":20,"column":20},"end":{"line":20,"column":36}},"6":{"start":{"line":21,"column":2},"end":{"line":25,"column":3}},"7":{"start":{"line":22,"column":6},"end":{"line":22,"column":49}},"8":{"start":{"line":24,"column":6},"end":{"line":24,"column":41}},"9":{"start":{"line":29,"column":30},"end":{"line":41,"column":1}},"10":{"start":{"line":31,"column":13},"end":{"line":36,"column":4}},"11":{"start":{"line":37,"column":2},"end":{"line":38,"column":3}},"12":{"start":{"line":43,"column":0},"end":{"line":43,"column":41}}},"fnMap":{"0":{"name":"(anonymous_0)","decl":{"start":{"line":19,"column":39},"end":{"line":19,"column":40}},"loc":{"start":{"line":19,"column":64},"end":{"line":26,"column":1}},"line":19},"1":{"name":"(anonymous_1)","decl":{"start":{"line":29,"column":30},"end":{"line":29,"column":31}},"loc":{"start":{"line":29,"column":58},"end":{"line":41,"column":1}},"line":29}},"branchMap":{"0":{"loc":{"start":{"line":21,"column":2},"end":{"line":25,"column":3}},"type":"if","locations":[{"start":{"line":21,"column":2},"end":{"line":25,"column":3}},{"start":{"line":21,"column":2},"end":{"line":25,"column":3}}],"line":21}},"s":{"0":3,"1":3,"2":3,"3":3,"4":3,"5":0,"6":0,"7":0,"8":0,"9":3,"10":0,"11":0,"12":3},"f":{"0":0,"1":0},"b":{"0":[0,0]},"_coverageSchema":"43e27e138ebf9cfc5966b082cf9a028302ed4184","hash":"593880c6eace544b21cc64600551c963b89f3359"}
,"/home/walder/workspaces/fullstack_project/backend/utils/roleManagement.js": {"path":"/home/walder/workspaces/fullstack_project/backend/utils/roleManagement.js","statementMap":{"0":{"start":{"line":1,"column":14},"end":{"line":4,"column":1}},"1":{"start":{"line":7,"column":0},"end":{"line":7,"column":26}}},"fnMap":{},"branchMap":{},"s":{"0":3,"1":3},"f":{},"b":{},"_coverageSchema":"43e27e138ebf9cfc5966b082cf9a028302ed4184","hash":"1d547cf702b7e9519346fe8fd78ef515d7ea8b5f"}
,"/home/walder/workspaces/fullstack_project/backend/utils/testHelper.js": {"path":"/home/walder/workspaces/fullstack_project/backend/utils/testHelper.js","statementMap":{"0":{"start":{"line":1,"column":13},"end":{"line":1,"column":38}},"1":{"start":{"line":5,"column":16},"end":{"line":5,"column":47}},"2":{"start":{"line":5,"column":28},"end":{"line":5,"column":47}},"3":{"start":{"line":8,"column":0},"end":{"line":8,"column":28}}},"fnMap":{"0":{"name":"(anonymous_0)","decl":{"start":{"line":5,"column":16},"end":{"line":5,"column":17}},"loc":{"start":{"line":5,"column":28},"end":{"line":5,"column":47}},"line":5}},"branchMap":{},"s":{"0":2,"1":2,"2":17,"3":2},"f":{"0":17},"b":{},"_coverageSchema":"43e27e138ebf9cfc5966b082cf9a028302ed4184","hash":"81c9c75619af508a0156acc169cfda822c2f6abe"}
}
