TN:
SF:/home/walder/workspaces/fullstack_project/backend/app.js
FNF:0
FNH:0
DA:1,3
DA:2,3
DA:3,3
DA:4,3
DA:5,3
DA:6,3
DA:7,3
DA:8,3
DA:9,3
DA:10,3
DA:11,3
DA:12,3
DA:13,3
DA:14,3
DA:15,3
DA:16,3
DA:18,3
DA:22,3
DA:23,3
DA:24,3
DA:25,3
DA:26,3
DA:27,3
DA:28,3
DA:29,3
DA:30,3
DA:31,3
DA:32,3
DA:33,3
DA:34,3
DA:35,3
DA:38,3
LF:32
LH:32
BRF:0
BRH:0
end_of_record
TN:
SF:/home/walder/workspaces/fullstack_project/backend/controllers/files.js
FN:10,(anonymous_0)
FN:19,(anonymous_1)
FN:25,(anonymous_2)
FN:34,(anonymous_3)
FN:36,(anonymous_4)
FN:42,(anonymous_5)
FN:50,(anonymous_6)
FN:57,(anonymous_7)
FN:66,(anonymous_8)
FN:74,(anonymous_9)
FN:83,(anonymous_10)
FN:99,(anonymous_11)
FN:108,(anonymous_12)
FN:120,(anonymous_13)
FN:130,(anonymous_14)
FN:149,(anonymous_15)
FN:171,(anonymous_16)
FN:184,(anonymous_17)
FNF:18
FNH:0
FNDA:0,(anonymous_0)
FNDA:0,(anonymous_1)
FNDA:0,(anonymous_2)
FNDA:0,(anonymous_3)
FNDA:0,(anonymous_4)
FNDA:0,(anonymous_5)
FNDA:0,(anonymous_6)
FNDA:0,(anonymous_7)
FNDA:0,(anonymous_8)
FNDA:0,(anonymous_9)
FNDA:0,(anonymous_10)
FNDA:0,(anonymous_11)
FNDA:0,(anonymous_12)
FNDA:0,(anonymous_13)
FNDA:0,(anonymous_14)
FNDA:0,(anonymous_15)
FNDA:0,(anonymous_16)
FNDA:0,(anonymous_17)
DA:1,3
DA:2,3
DA:3,3
DA:4,3
DA:5,3
DA:6,3
DA:7,3
DA:8,3
DA:10,3
DA:12,0
DA:14,0
DA:15,0
DA:16,0
DA:18,0
DA:19,0
DA:21,0
DA:25,3
DA:27,0
DA:28,0
DA:29,0
DA:30,0
DA:32,0
DA:33,0
DA:34,0
DA:35,0
DA:36,0
DA:38,0
DA:42,3
DA:44,0
DA:45,0
DA:46,0
DA:47,0
DA:49,0
DA:50,0
DA:52,0
DA:57,3
DA:59,0
DA:61,0
DA:62,0
DA:63,0
DA:65,0
DA:66,0
DA:68,0
DA:74,3
DA:75,0
DA:76,0
DA:77,0
DA:78,0
DA:80,0
DA:81,0
DA:82,0
DA:83,0
DA:84,0
DA:86,0
DA:88,0
DA:89,0
DA:90,0
DA:91,0
DA:94,0
DA:99,3
DA:101,0
DA:102,0
DA:103,0
DA:105,0
DA:106,0
DA:107,0
DA:108,0
DA:109,0
DA:112,0
DA:113,0
DA:120,3
DA:122,0
DA:123,0
DA:124,0
DA:127,0
DA:128,0
DA:130,0
DA:131,0
DA:132,0
DA:133,0
DA:134,0
DA:135,0
DA:136,0
DA:137,0
DA:138,0
DA:140,0
DA:141,0
DA:144,0
DA:149,3
DA:151,0
DA:152,0
DA:153,0
DA:155,0
DA:156,0
DA:159,0
DA:160,0
DA:162,0
DA:163,0
DA:165,0
DA:166,0
DA:167,0
DA:169,0
DA:171,0
DA:172,0
DA:173,0
DA:174,0
DA:183,0
DA:184,0
DA:185,0
DA:186,0
DA:187,0
DA:190,0
DA:191,0
DA:192,0
DA:193,0
DA:194,0
DA:195,0
DA:198,0
DA:203,0
DA:205,0
DA:210,3
LF:121
LH:17
BRDA:15,0,0,0
BRDA:15,0,1,0
BRDA:29,1,0,0
BRDA:29,1,1,0
BRDA:46,2,0,0
BRDA:46,2,1,0
BRDA:62,3,0,0
BRDA:62,3,1,0
BRDA:77,4,0,0
BRDA:77,4,1,0
BRDA:102,5,0,0
BRDA:102,5,1,0
BRDA:109,6,0,0
BRDA:109,6,1,0
BRDA:123,7,0,0
BRDA:123,7,1,0
BRDA:131,8,0,0
BRDA:131,8,1,0
BRDA:152,9,0,0
BRDA:152,9,1,0
BRDA:155,10,0,0
BRDA:155,10,1,0
BRDA:155,11,0,0
BRDA:155,11,1,0
BRDA:162,12,0,0
BRDA:162,12,1,0
BRDA:166,13,0,0
BRDA:166,13,1,0
BRDA:173,14,0,0
BRDA:173,14,1,0
BRDA:185,15,0,0
BRDA:185,15,1,0
BRDA:191,16,0,0
BRDA:191,16,1,0
BRF:34
BRH:0
end_of_record
TN:
SF:/home/walder/workspaces/fullstack_project/backend/controllers/login.js
FN:7,(anonymous_0)
FNF:1
FNH:1
FNDA:16,(anonymous_0)
DA:1,3
DA:2,3
DA:3,3
DA:4,3
DA:5,3
DA:7,3
DA:8,16
DA:9,16
DA:10,16
DA:11,16
DA:14,16
DA:15,5
DA:16,5
DA:18,11
DA:19,1
DA:20,1
DA:23,10
DA:28,10
DA:29,10
DA:30,10
DA:35,3
LF:21
LH:21
BRDA:11,0,0,5
BRDA:11,0,1,11
BRDA:14,1,0,5
BRDA:14,1,1,11
BRDA:14,2,0,16
BRDA:14,2,1,11
BRDA:18,3,0,1
BRDA:18,3,1,10
BRF:8
BRH:8
end_of_record
TN:
SF:/home/walder/workspaces/fullstack_project/backend/controllers/registration.js
FN:9,(anonymous_0)
FN:32,(anonymous_1)
FNF:2
FNH:1
FNDA:0,(anonymous_0)
FNDA:8,(anonymous_1)
DA:1,3
DA:2,3
DA:3,3
DA:4,3
DA:5,3
DA:6,3
DA:7,3
DA:9,3
DA:10,0
DA:11,0
DA:12,0
DA:13,0
DA:14,0
DA:15,0
DA:16,0
DA:17,0
DA:18,0
DA:21,0
DA:22,0
DA:25,0
DA:32,3
DA:33,8
DA:34,8
DA:35,8
DA:36,8
DA:37,6
DA:43,6
DA:44,1
DA:45,1
DA:46,1
DA:51,1
DA:52,1
DA:58,1
DA:61,7
DA:65,3
LF:35
LH:23
BRDA:12,0,0,0
BRDA:12,0,1,0
BRDA:45,1,0,1
BRDA:45,1,1,0
BRF:4
BRH:1
end_of_record
TN:
SF:/home/walder/workspaces/fullstack_project/backend/controllers/users.js
FN:9,(anonymous_0)
FN:21,(anonymous_1)
FN:28,(anonymous_2)
FN:40,(anonymous_3)
FN:62,(anonymous_4)
FN:75,(anonymous_5)
FN:96,(anonymous_6)
FN:111,(anonymous_7)
FN:124,(anonymous_8)
FN:135,(anonymous_9)
FNF:10
FNH:6
FNDA:1,(anonymous_0)
FNDA:0,(anonymous_1)
FNDA:0,(anonymous_2)
FNDA:0,(anonymous_3)
FNDA:2,(anonymous_4)
FNDA:0,(anonymous_5)
FNDA:3,(anonymous_6)
FNDA:1,(anonymous_7)
FNDA:2,(anonymous_8)
FNDA:1,(anonymous_9)
DA:1,3
DA:2,3
DA:3,3
DA:4,3
DA:5,3
DA:6,3
DA:9,3
DA:10,1
DA:12,1
DA:13,1
DA:14,1
DA:16,0
DA:17,0
DA:20,0
DA:21,0
DA:23,0
DA:28,3
DA:29,0
DA:31,0
DA:32,0
DA:33,0
DA:36,0
DA:37,0
DA:40,0
DA:43,0
DA:44,0
DA:48,0
DA:51,0
DA:52,0
DA:54,0
DA:58,0
DA:62,3
DA:63,2
DA:65,2
DA:66,2
DA:67,0
DA:71,2
DA:75,0
DA:77,2
DA:79,2
DA:80,2
DA:83,1
DA:84,1
DA:85,1
DA:86,1
DA:88,0
DA:92,1
DA:96,3
DA:97,3
DA:99,3
DA:100,3
DA:101,0
DA:103,3
DA:104,0
DA:107,3
DA:111,1
DA:113,3
DA:114,1
DA:116,2
DA:119,0
DA:124,3
DA:125,2
DA:126,2
DA:127,2
DA:128,0
DA:131,2
DA:135,1
DA:137,2
DA:138,1
DA:139,1
DA:140,1
DA:141,1
DA:142,1
DA:144,1
DA:145,1
DA:147,1
DA:151,0
DA:155,3
LF:78
LH:51
BRDA:13,0,0,1
BRDA:13,0,1,0
BRDA:16,1,0,0
BRDA:16,1,1,0
BRDA:32,2,0,0
BRDA:32,2,1,0
BRDA:43,3,0,0
BRDA:43,3,1,0
BRDA:43,4,0,0
BRDA:43,4,1,0
BRDA:44,5,0,0
BRDA:44,5,1,0
BRDA:51,6,0,0
BRDA:51,6,1,0
BRDA:66,7,0,0
BRDA:66,7,1,2
BRDA:83,8,0,1
BRDA:83,8,1,0
BRDA:83,9,0,1
BRDA:83,9,1,1
BRDA:100,10,0,0
BRDA:100,10,1,3
BRDA:103,11,0,0
BRDA:103,11,1,3
BRDA:113,12,0,1
BRDA:113,12,1,2
BRDA:113,13,0,3
BRDA:113,13,1,2
BRDA:127,14,0,0
BRDA:127,14,1,2
BRDA:137,15,0,1
BRDA:137,15,1,1
BRDA:137,16,0,2
BRDA:137,16,1,2
BRF:34
BRH:16
end_of_record
TN:
SF:/home/walder/workspaces/fullstack_project/backend/middleware/authentication.js
FN:1,(anonymous_0)
FNF:1
FNH:1
FNDA:32,(anonymous_0)
DA:1,3
DA:2,32
DA:3,32
DA:4,7
DA:6,32
DA:10,3
LF:6
LH:6
BRDA:3,0,0,7
BRDA:3,0,1,25
BRDA:3,1,0,32
BRDA:3,1,1,7
BRF:4
BRH:4
end_of_record
TN:
SF:/home/walder/workspaces/fullstack_project/backend/middleware/errorHandler.js
FN:3,(anonymous_0)
FNF:1
FNH:0
FNDA:0,(anonymous_0)
DA:1,3
DA:3,3
DA:5,0
DA:6,0
DA:7,0
DA:10,0
DA:11,0
DA:12,0
DA:16,0
DA:22,3
LF:10
LH:3
BRDA:5,0,0,0
BRDA:5,0,1,0
BRDA:10,1,0,0
BRDA:10,1,1,0
BRF:4
BRH:0
end_of_record
TN:
SF:/home/walder/workspaces/fullstack_project/backend/middleware/limitRequests.js
FNF:0
FNH:0
DA:1,3
DA:3,3
DA:9,3
DA:15,3
LF:4
LH:4
BRF:0
BRH:0
end_of_record
TN:
SF:/home/walder/workspaces/fullstack_project/backend/middleware/logging.js
FN:10,(anonymous_0)
FNF:1
FNH:1
FNDA:32,(anonymous_0)
DA:1,3
DA:2,3
DA:7,3
DA:10,3
DA:12,32
DA:13,32
DA:14,32
DA:15,32
DA:16,32
DA:20,3
LF:10
LH:10
BRF:0
BRH:0
end_of_record
TN:
SF:/home/walder/workspaces/fullstack_project/backend/models/file.js
FN:41,(anonymous_0)
FNF:1
FNH:0
FNDA:0,(anonymous_0)
DA:1,3
DA:2,3
DA:4,3
DA:40,3
DA:42,0
DA:43,0
DA:44,0
DA:50,3
DA:51,3
LF:9
LH:6
BRF:0
BRH:0
end_of_record
TN:
SF:/home/walder/workspaces/fullstack_project/backend/models/registration.js
FNF:0
FNH:0
DA:1,3
DA:2,3
DA:3,3
DA:5,3
DA:17,3
DA:18,3
DA:19,3
LF:7
LH:7
BRF:0
BRH:0
end_of_record
TN:
SF:/home/walder/workspaces/fullstack_project/backend/models/user.js
FN:45,(anonymous_0)
FNF:1
FNH:1
FNDA:4,(anonymous_0)
DA:1,3
DA:2,3
DA:3,3
DA:4,3
DA:7,3
DA:42,3
DA:43,3
DA:44,3
DA:46,4
DA:47,4
DA:48,4
DA:53,3
LF:12
LH:12
BRF:0
BRH:0
end_of_record
TN:
SF:/home/walder/workspaces/fullstack_project/backend/utils/AppendInitVect.js
FN:5,(anonymous_0)
FN:11,(anonymous_1)
FNF:2
FNH:0
FNDA:0,(anonymous_0)
FNDA:0,(anonymous_1)
DA:2,3
DA:6,0
DA:7,0
DA:8,0
DA:12,0
DA:13,0
DA:14,0
DA:16,0
DA:17,0
DA:21,3
LF:10
LH:2
BRDA:12,0,0,0
BRDA:12,0,1,0
BRF:2
BRH:0
end_of_record
TN:
SF:/home/walder/workspaces/fullstack_project/backend/utils/authenticationHelper.js
FN:4,(anonymous_0)
FNF:1
FNH:1
FNDA:8,(anonymous_0)
DA:1,3
DA:2,3
DA:4,3
DA:6,8
DA:7,8
DA:8,8
DA:9,7
DA:10,0
DA:13,7
DA:15,1
DA:17,8
DA:18,1
DA:21,7
DA:24,3
LF:14
LH:13
BRDA:9,0,0,0
BRDA:9,0,1,7
BRDA:9,1,0,7
BRDA:9,1,1,7
BRDA:17,2,0,1
BRDA:17,2,1,7
BRF:6
BRH:5
end_of_record
TN:
SF:/home/walder/workspaces/fullstack_project/backend/utils/config.js
FNF:0
FNH:0
DA:1,3
DA:3,3
DA:4,3
DA:6,3
DA:7,3
DA:11,3
LF:6
LH:6
BRDA:6,0,0,3
BRDA:6,0,1,0
BRF:2
BRH:1
end_of_record
TN:
SF:/home/walder/workspaces/fullstack_project/backend/utils/cryptoHelper.js
FN:8,(anonymous_0)
FN:15,(anonymous_1)
FN:37,(anonymous_2)
FN:43,(anonymous_3)
FN:47,(anonymous_4)
FN:65,(anonymous_5)
FNF:6
FNH:1
FNDA:1,(anonymous_0)
FNDA:0,(anonymous_1)
FNDA:0,(anonymous_2)
FNDA:0,(anonymous_3)
FNDA:0,(anonymous_4)
FNDA:0,(anonymous_5)
DA:1,3
DA:2,3
DA:3,3
DA:4,3
DA:8,3
DA:10,1
DA:11,1
DA:12,1
DA:15,3
DA:16,0
DA:17,0
DA:18,0
DA:19,0
DA:21,0
DA:22,0
DA:23,0
DA:25,0
DA:29,0
DA:31,0
DA:37,3
DA:39,0
DA:40,0
DA:41,0
DA:43,0
DA:44,0
DA:47,0
DA:48,0
DA:49,0
DA:50,0
DA:51,0
DA:57,0
DA:59,0
DA:65,3
DA:68,3
LF:34
LH:12
BRF:0
BRH:0
end_of_record
TN:
SF:/home/walder/workspaces/fullstack_project/backend/utils/helperFunctions.js
FN:4,sleep
FN:5,(anonymous_1)
FN:9,getDir
FN:17,modifyLastUsed
FN:20,(anonymous_4)
FN:32,removeLastUsed
FN:33,(anonymous_6)
FNF:7
FNH:0
FNDA:0,sleep
FNDA:0,(anonymous_1)
FNDA:0,getDir
FNDA:0,modifyLastUsed
FNDA:0,(anonymous_4)
FNDA:0,removeLastUsed
FNDA:0,(anonymous_6)
DA:1,3
DA:5,0
DA:10,0
DA:11,0
DA:12,0
DA:18,0
DA:19,0
DA:20,0
DA:21,0
DA:22,0
DA:24,0
DA:25,0
DA:27,0
DA:28,0
DA:33,0
DA:34,0
DA:37,3
LF:17
LH:2
BRDA:21,0,0,0
BRDA:21,0,1,0
BRF:2
BRH:0
end_of_record
TN:
SF:/home/walder/workspaces/fullstack_project/backend/utils/logger.js
FN:3,(anonymous_0)
FN:31,(anonymous_1)
FN:55,(anonymous_2)
FN:70,(anonymous_3)
FN:85,(anonymous_4)
FN:100,(anonymous_5)
FN:116,(anonymous_6)
FN:131,(anonymous_7)
FN:147,(anonymous_8)
FN:163,(anonymous_9)
FN:178,(anonymous_10)
FN:192,(anonymous_11)
FNF:12
FNH:2
FNDA:32,(anonymous_0)
FNDA:2,(anonymous_1)
FNDA:0,(anonymous_2)
FNDA:0,(anonymous_3)
FNDA:0,(anonymous_4)
FNDA:0,(anonymous_5)
FNDA:0,(anonymous_6)
FNDA:0,(anonymous_7)
FNDA:0,(anonymous_8)
FNDA:0,(anonymous_9)
FNDA:0,(anonymous_10)
FNDA:0,(anonymous_11)
DA:1,3
DA:3,3
DA:6,32
DA:11,32
DA:13,32
DA:14,16
DA:15,16
DA:16,16
DA:18,16
DA:19,6
DA:20,6
DA:21,6
DA:23,10
DA:24,10
DA:25,10
DA:26,10
DA:31,3
DA:33,2
DA:38,2
DA:39,2
DA:40,1
DA:41,1
DA:43,2
DA:44,1
DA:45,1
DA:47,2
DA:48,0
DA:49,0
DA:51,2
DA:55,3
DA:57,0
DA:62,0
DA:64,0
DA:65,0
DA:66,0
DA:70,3
DA:72,0
DA:77,0
DA:79,0
DA:80,0
DA:81,0
DA:85,3
DA:87,0
DA:92,0
DA:94,0
DA:95,0
DA:96,0
DA:100,3
DA:102,0
DA:107,0
DA:109,0
DA:110,0
DA:111,0
DA:116,3
DA:118,0
DA:123,0
DA:125,0
DA:126,0
DA:127,0
DA:131,3
DA:133,0
DA:138,0
DA:140,0
DA:141,0
DA:142,0
DA:147,3
DA:149,0
DA:154,0
DA:156,0
DA:157,0
DA:158,0
DA:163,3
DA:165,0
DA:170,0
DA:172,0
DA:173,0
DA:174,0
DA:178,3
DA:179,0
DA:184,0
DA:186,0
DA:187,0
DA:188,0
DA:192,3
DA:194,0
DA:199,0
DA:201,0
DA:202,0
DA:203,0
DA:206,3
LF:90
LH:38
BRDA:13,0,0,16
BRDA:13,0,1,16
BRDA:18,1,0,6
BRDA:18,1,1,10
BRDA:23,2,0,10
BRDA:23,2,1,0
BRDA:39,3,0,1
BRDA:39,3,1,1
BRDA:43,4,0,1
BRDA:43,4,1,1
BRDA:47,5,0,0
BRDA:47,5,1,2
BRF:12
BRH:10
end_of_record
TN:
SF:/home/walder/workspaces/fullstack_project/backend/utils/nameCreation.js
FN:5,(anonymous_0)
FN:13,(anonymous_1)
FN:42,(anonymous_2)
FNF:3
FNH:0
FNDA:0,(anonymous_0)
FNDA:0,(anonymous_1)
FNDA:0,(anonymous_2)
DA:2,3
DA:3,3
DA:5,3
DA:6,0
DA:7,0
DA:9,0
DA:13,3
DA:15,0
DA:16,0
DA:17,0
DA:18,0
DA:19,0
DA:22,0
DA:24,0
DA:25,0
DA:26,0
DA:27,0
DA:28,0
DA:30,0
DA:31,0
DA:32,0
DA:33,0
DA:37,0
DA:42,3
DA:43,0
DA:44,0
DA:46,0
DA:52,3
LF:28
LH:6
BRDA:6,0,0,0
BRDA:6,0,1,0
BRDA:17,1,0,0
BRDA:17,1,1,0
BRDA:27,2,0,0
BRDA:27,2,1,0
BRDA:43,3,0,0
BRDA:43,3,1,0
BRDA:43,4,0,0
BRDA:43,4,1,0
BRF:10
BRH:0
end_of_record
TN:
SF:/home/walder/workspaces/fullstack_project/backend/utils/nodemailer.js
FN:19,(anonymous_0)
FN:29,(anonymous_1)
FNF:2
FNH:0
FNDA:0,(anonymous_0)
FNDA:0,(anonymous_1)
DA:1,3
DA:2,3
DA:4,3
DA:6,3
DA:19,3
DA:20,0
DA:21,0
DA:22,0
DA:24,0
DA:29,3
DA:31,0
DA:37,0
DA:43,3
LF:13
LH:7
BRDA:21,0,0,0
BRDA:21,0,1,0
BRF:2
BRH:0
end_of_record
TN:
SF:/home/walder/workspaces/fullstack_project/backend/utils/roleManagement.js
FNF:0
FNH:0
DA:1,3
DA:7,3
LF:2
LH:2
BRF:0
BRH:0
end_of_record
TN:
SF:/home/walder/workspaces/fullstack_project/backend/utils/testHelper.js
FN:5,(anonymous_0)
FNF:1
FNH:1
FNDA:17,(anonymous_0)
DA:1,2
DA:5,17
DA:8,2
LF:3
LH:3
BRF:0
BRH:0
end_of_record
